This file contains any messages produced by compilers while
running configure, to aid debugging if configure makes a mistake.

It was created by v4l-utils configure 1.12.2, which was
generated by GNU Autoconf 2.69.  Invocation command line was

  $ ./configure --prefix=/home/paul/project/ezCam_dependency/pkg/v4l2/release --enable-static --disable-shared

## --------- ##
## Platform. ##
## --------- ##

hostname = ubuntu64
uname -m = x86_64
uname -r = 4.13.0-31-generic
uname -s = Linux
uname -v = #34~16.04.1-Ubuntu SMP Fri Jan 19 17:11:01 UTC 2018

/usr/bin/uname -p = unknown
/bin/uname -X     = unknown

/bin/arch              = unknown
/usr/bin/arch -k       = unknown
/usr/convex/getsysinfo = unknown
/usr/bin/hostinfo      = unknown
/bin/machine           = unknown
/usr/bin/oslevel       = unknown
/bin/universe          = unknown

PATH: /home/paul/bin
PATH: /home/paul/.local/bin
PATH: /opt/hisi-linux/x86-arm/arm-hisiv600-linux/target/bin
PATH: /usr/local/sbin
PATH: /usr/local/bin
PATH: /usr/sbin
PATH: /usr/bin
PATH: /sbin
PATH: /bin
PATH: /usr/games
PATH: /usr/local/games
PATH: /snap/bin


## ----------- ##
## Core tests. ##
## ----------- ##

configure:2776: checking for gcc
configure:2792: found /usr/bin/gcc
configure:2803: result: gcc
configure:3032: checking for C compiler version
configure:3041: gcc --version >&5
gcc (Ubuntu 5.4.0-6ubuntu1~16.04.4) 5.4.0 20160609
Copyright (C) 2015 Free Software Foundation, Inc.
This is free software; see the source for copying conditions.  There is NO
warranty; not even for MERCHANTABILITY or FITNESS FOR A PARTICULAR PURPOSE.

configure:3052: $? = 0
configure:3041: gcc -v >&5
Using built-in specs.
COLLECT_GCC=gcc
COLLECT_LTO_WRAPPER=/usr/lib/gcc/x86_64-linux-gnu/5/lto-wrapper
Target: x86_64-linux-gnu
Configured with: ../src/configure -v --with-pkgversion='Ubuntu 5.4.0-6ubuntu1~16.04.4' --with-bugurl=file:///usr/share/doc/gcc-5/README.Bugs --enable-languages=c,ada,c++,java,go,d,fortran,objc,obj-c++ --prefix=/usr --program-suffix=-5 --enable-shared --enable-linker-build-id --libexecdir=/usr/lib --without-included-gettext --enable-threads=posix --libdir=/usr/lib --enable-nls --with-sysroot=/ --enable-clocale=gnu --enable-libstdcxx-debug --enable-libstdcxx-time=yes --with-default-libstdcxx-abi=new --enable-gnu-unique-object --disable-vtable-verify --enable-libmpx --enable-plugin --with-system-zlib --disable-browser-plugin --enable-java-awt=gtk --enable-gtk-cairo --with-java-home=/usr/lib/jvm/java-1.5.0-gcj-5-amd64/jre --enable-java-home --with-jvm-root-dir=/usr/lib/jvm/java-1.5.0-gcj-5-amd64 --with-jvm-jar-dir=/usr/lib/jvm-exports/java-1.5.0-gcj-5-amd64 --with-arch-directory=amd64 --with-ecj-jar=/usr/share/java/eclipse-ecj.jar --enable-objc-gc --enable-multiarch --disable-werror --with-arch-32=i686 --with-abi=m64 --with-multilib-list=m32,m64,mx32 --enable-multilib --with-tune=generic --enable-checking=release --build=x86_64-linux-gnu --host=x86_64-linux-gnu --target=x86_64-linux-gnu
Thread model: posix
gcc version 5.4.0 20160609 (Ubuntu 5.4.0-6ubuntu1~16.04.4) 
configure:3052: $? = 0
configure:3041: gcc -V >&5
gcc: error: unrecognized command line option '-V'
gcc: fatal error: no input files
compilation terminated.
configure:3052: $? = 1
configure:3041: gcc -qversion >&5
gcc: error: unrecognized command line option '-qversion'
gcc: fatal error: no input files
compilation terminated.
configure:3052: $? = 1
configure:3072: checking whether the C compiler works
configure:3094: gcc    conftest.c  >&5
configure:3098: $? = 0
configure:3146: result: yes
configure:3149: checking for C compiler default output file name
configure:3151: result: a.out
configure:3157: checking for suffix of executables
configure:3164: gcc -o conftest    conftest.c  >&5
configure:3168: $? = 0
configure:3190: result: 
configure:3212: checking whether we are cross compiling
configure:3220: gcc -o conftest    conftest.c  >&5
configure:3224: $? = 0
configure:3231: ./conftest
configure:3235: $? = 0
configure:3250: result: no
configure:3255: checking for suffix of object files
configure:3277: gcc -c   conftest.c >&5
configure:3281: $? = 0
configure:3302: result: o
configure:3306: checking whether we are using the GNU C compiler
configure:3325: gcc -c   conftest.c >&5
configure:3325: $? = 0
configure:3334: result: yes
configure:3343: checking whether gcc accepts -g
configure:3363: gcc -c -g  conftest.c >&5
configure:3363: $? = 0
configure:3404: result: yes
configure:3421: checking for gcc option to accept ISO C89
configure:3484: gcc  -c -g -O2  conftest.c >&5
configure:3484: $? = 0
configure:3497: result: none needed
configure:3522: checking whether gcc understands -c and -o together
configure:3544: gcc -c conftest.c -o conftest2.o
configure:3547: $? = 0
configure:3544: gcc -c conftest.c -o conftest2.o
configure:3547: $? = 0
configure:3559: result: yes
configure:3582: checking how to run the C preprocessor
configure:3613: gcc -E  conftest.c
configure:3613: $? = 0
configure:3627: gcc -E  conftest.c
conftest.c:9:28: fatal error: ac_nonexistent.h: No such file or directory
compilation terminated.
configure:3627: $? = 1
configure: failed program was:
| /* confdefs.h */
| #define PACKAGE_NAME "v4l-utils"
| #define PACKAGE_TARNAME "v4l-utils"
| #define PACKAGE_VERSION "1.12.2"
| #define PACKAGE_STRING "v4l-utils 1.12.2"
| #define PACKAGE_BUGREPORT ""
| #define PACKAGE_URL ""
| /* end confdefs.h.  */
| #include <ac_nonexistent.h>
configure:3652: result: gcc -E
configure:3672: gcc -E  conftest.c
configure:3672: $? = 0
configure:3686: gcc -E  conftest.c
conftest.c:9:28: fatal error: ac_nonexistent.h: No such file or directory
compilation terminated.
configure:3686: $? = 1
configure: failed program was:
| /* confdefs.h */
| #define PACKAGE_NAME "v4l-utils"
| #define PACKAGE_TARNAME "v4l-utils"
| #define PACKAGE_VERSION "1.12.2"
| #define PACKAGE_STRING "v4l-utils 1.12.2"
| #define PACKAGE_BUGREPORT ""
| #define PACKAGE_URL ""
| /* end confdefs.h.  */
| #include <ac_nonexistent.h>
configure:3715: checking for grep that handles long lines and -e
configure:3773: result: /bin/grep
configure:3778: checking for egrep
configure:3840: result: /bin/grep -E
configure:3845: checking for ANSI C header files
configure:3865: gcc -c -g -O2  conftest.c >&5
configure:3865: $? = 0
configure:3938: gcc -o conftest -g -O2   conftest.c  >&5
configure:3938: $? = 0
configure:3938: ./conftest
configure:3938: $? = 0
configure:3949: result: yes
configure:3962: checking for sys/types.h
configure:3962: gcc -c -g -O2  conftest.c >&5
configure:3962: $? = 0
configure:3962: result: yes
configure:3962: checking for sys/stat.h
configure:3962: gcc -c -g -O2  conftest.c >&5
configure:3962: $? = 0
configure:3962: result: yes
configure:3962: checking for stdlib.h
configure:3962: gcc -c -g -O2  conftest.c >&5
configure:3962: $? = 0
configure:3962: result: yes
configure:3962: checking for string.h
configure:3962: gcc -c -g -O2  conftest.c >&5
configure:3962: $? = 0
configure:3962: result: yes
configure:3962: checking for memory.h
configure:3962: gcc -c -g -O2  conftest.c >&5
configure:3962: $? = 0
configure:3962: result: yes
configure:3962: checking for strings.h
configure:3962: gcc -c -g -O2  conftest.c >&5
configure:3962: $? = 0
configure:3962: result: yes
configure:3962: checking for inttypes.h
configure:3962: gcc -c -g -O2  conftest.c >&5
configure:3962: $? = 0
configure:3962: result: yes
configure:3962: checking for stdint.h
configure:3962: gcc -c -g -O2  conftest.c >&5
configure:3962: $? = 0
configure:3962: result: yes
configure:3962: checking for unistd.h
configure:3962: gcc -c -g -O2  conftest.c >&5
configure:3962: $? = 0
configure:3962: result: yes
configure:3975: checking minix/config.h usability
configure:3975: gcc -c -g -O2  conftest.c >&5
conftest.c:52:26: fatal error: minix/config.h: No such file or directory
compilation terminated.
configure:3975: $? = 1
configure: failed program was:
| /* confdefs.h */
| #define PACKAGE_NAME "v4l-utils"
| #define PACKAGE_TARNAME "v4l-utils"
| #define PACKAGE_VERSION "1.12.2"
| #define PACKAGE_STRING "v4l-utils 1.12.2"
| #define PACKAGE_BUGREPORT ""
| #define PACKAGE_URL ""
| #define STDC_HEADERS 1
| #define HAVE_SYS_TYPES_H 1
| #define HAVE_SYS_STAT_H 1
| #define HAVE_STDLIB_H 1
| #define HAVE_STRING_H 1
| #define HAVE_MEMORY_H 1
| #define HAVE_STRINGS_H 1
| #define HAVE_INTTYPES_H 1
| #define HAVE_STDINT_H 1
| #define HAVE_UNISTD_H 1
| /* end confdefs.h.  */
| #include <stdio.h>
| #ifdef HAVE_SYS_TYPES_H
| # include <sys/types.h>
| #endif
| #ifdef HAVE_SYS_STAT_H
| # include <sys/stat.h>
| #endif
| #ifdef STDC_HEADERS
| # include <stdlib.h>
| # include <stddef.h>
| #else
| # ifdef HAVE_STDLIB_H
| #  include <stdlib.h>
| # endif
| #endif
| #ifdef HAVE_STRING_H
| # if !defined STDC_HEADERS && defined HAVE_MEMORY_H
| #  include <memory.h>
| # endif
| # include <string.h>
| #endif
| #ifdef HAVE_STRINGS_H
| # include <strings.h>
| #endif
| #ifdef HAVE_INTTYPES_H
| # include <inttypes.h>
| #endif
| #ifdef HAVE_STDINT_H
| # include <stdint.h>
| #endif
| #ifdef HAVE_UNISTD_H
| # include <unistd.h>
| #endif
| #include <minix/config.h>
configure:3975: result: no
configure:3975: checking minix/config.h presence
configure:3975: gcc -E  conftest.c
conftest.c:19:26: fatal error: minix/config.h: No such file or directory
compilation terminated.
configure:3975: $? = 1
configure: failed program was:
| /* confdefs.h */
| #define PACKAGE_NAME "v4l-utils"
| #define PACKAGE_TARNAME "v4l-utils"
| #define PACKAGE_VERSION "1.12.2"
| #define PACKAGE_STRING "v4l-utils 1.12.2"
| #define PACKAGE_BUGREPORT ""
| #define PACKAGE_URL ""
| #define STDC_HEADERS 1
| #define HAVE_SYS_TYPES_H 1
| #define HAVE_SYS_STAT_H 1
| #define HAVE_STDLIB_H 1
| #define HAVE_STRING_H 1
| #define HAVE_MEMORY_H 1
| #define HAVE_STRINGS_H 1
| #define HAVE_INTTYPES_H 1
| #define HAVE_STDINT_H 1
| #define HAVE_UNISTD_H 1
| /* end confdefs.h.  */
| #include <minix/config.h>
configure:3975: result: no
configure:3975: checking for minix/config.h
configure:3975: result: no
configure:3996: checking whether it is safe to define __EXTENSIONS__
configure:4014: gcc -c -g -O2  conftest.c >&5
configure:4014: $? = 0
configure:4021: result: yes
configure:4053: checking for a BSD-compatible install
configure:4121: result: /usr/bin/install -c
configure:4132: checking whether build environment is sane
configure:4187: result: yes
configure:4335: checking for a thread-safe mkdir -p
configure:4374: result: /bin/mkdir -p
configure:4381: checking for gawk
configure:4397: found /usr/bin/gawk
configure:4408: result: gawk
configure:4419: checking whether make sets $(MAKE)
configure:4441: result: yes
configure:4471: checking for style of include used by make
configure:4499: result: GNU
configure:4533: checking whether make supports nested variables
configure:4550: result: yes
configure:4635: checking dependency style of gcc
configure:4746: result: gcc3
configure:4806: checking whether to enable maintainer-specific portions of Makefiles
configure:4815: result: no
configure:4839: checking whether make supports nested variables
configure:4856: result: yes
configure:4927: checking for g++
configure:4943: found /usr/bin/g++
configure:4954: result: g++
configure:4981: checking for C++ compiler version
configure:4990: g++ --version >&5
g++ (Ubuntu 5.4.0-6ubuntu1~16.04.4) 5.4.0 20160609
Copyright (C) 2015 Free Software Foundation, Inc.
This is free software; see the source for copying conditions.  There is NO
warranty; not even for MERCHANTABILITY or FITNESS FOR A PARTICULAR PURPOSE.

configure:5001: $? = 0
configure:4990: g++ -v >&5
Using built-in specs.
COLLECT_GCC=g++
COLLECT_LTO_WRAPPER=/usr/lib/gcc/x86_64-linux-gnu/5/lto-wrapper
Target: x86_64-linux-gnu
Configured with: ../src/configure -v --with-pkgversion='Ubuntu 5.4.0-6ubuntu1~16.04.4' --with-bugurl=file:///usr/share/doc/gcc-5/README.Bugs --enable-languages=c,ada,c++,java,go,d,fortran,objc,obj-c++ --prefix=/usr --program-suffix=-5 --enable-shared --enable-linker-build-id --libexecdir=/usr/lib --without-included-gettext --enable-threads=posix --libdir=/usr/lib --enable-nls --with-sysroot=/ --enable-clocale=gnu --enable-libstdcxx-debug --enable-libstdcxx-time=yes --with-default-libstdcxx-abi=new --enable-gnu-unique-object --disable-vtable-verify --enable-libmpx --enable-plugin --with-system-zlib --disable-browser-plugin --enable-java-awt=gtk --enable-gtk-cairo --with-java-home=/usr/lib/jvm/java-1.5.0-gcj-5-amd64/jre --enable-java-home --with-jvm-root-dir=/usr/lib/jvm/java-1.5.0-gcj-5-amd64 --with-jvm-jar-dir=/usr/lib/jvm-exports/java-1.5.0-gcj-5-amd64 --with-arch-directory=amd64 --with-ecj-jar=/usr/share/java/eclipse-ecj.jar --enable-objc-gc --enable-multiarch --disable-werror --with-arch-32=i686 --with-abi=m64 --with-multilib-list=m32,m64,mx32 --enable-multilib --with-tune=generic --enable-checking=release --build=x86_64-linux-gnu --host=x86_64-linux-gnu --target=x86_64-linux-gnu
Thread model: posix
gcc version 5.4.0 20160609 (Ubuntu 5.4.0-6ubuntu1~16.04.4) 
configure:5001: $? = 0
configure:4990: g++ -V >&5
g++: error: unrecognized command line option '-V'
g++: fatal error: no input files
compilation terminated.
configure:5001: $? = 1
configure:4990: g++ -qversion >&5
g++: error: unrecognized command line option '-qversion'
g++: fatal error: no input files
compilation terminated.
configure:5001: $? = 1
configure:5005: checking whether we are using the GNU C++ compiler
configure:5024: g++ -c   conftest.cpp >&5
configure:5024: $? = 0
configure:5033: result: yes
configure:5042: checking whether g++ accepts -g
configure:5062: g++ -c -g  conftest.cpp >&5
configure:5062: $? = 0
configure:5103: result: yes
configure:5128: checking dependency style of g++
configure:5239: result: gcc3
configure:5254: checking for gcc option to accept ISO C99
configure:5403: gcc  -c -g -O2  conftest.c >&5
configure:5403: $? = 0
configure:5416: result: none needed
configure:5461: checking build system type
configure:5475: result: x86_64-pc-linux-gnu
configure:5495: checking host system type
configure:5508: result: x86_64-pc-linux-gnu
configure:5549: checking how to print strings
configure:5576: result: printf
configure:5597: checking for a sed that does not truncate output
configure:5661: result: /bin/sed
configure:5679: checking for fgrep
configure:5741: result: /bin/grep -F
configure:5776: checking for ld used by gcc
configure:5843: result: /usr/bin/ld
configure:5850: checking if the linker (/usr/bin/ld) is GNU ld
configure:5865: result: yes
configure:5877: checking for BSD- or MS-compatible name lister (nm)
configure:5931: result: /usr/bin/nm -B
configure:6061: checking the name lister (/usr/bin/nm -B) interface
configure:6068: gcc -c -g -O2  conftest.c >&5
configure:6071: /usr/bin/nm -B "conftest.o"
configure:6074: output
0000000000000000 B some_variable
configure:6081: result: BSD nm
configure:6084: checking whether ln -s works
configure:6088: result: yes
configure:6096: checking the maximum length of command line arguments
configure:6227: result: 1572864
configure:6275: checking how to convert x86_64-pc-linux-gnu file names to x86_64-pc-linux-gnu format
configure:6315: result: func_convert_file_noop
configure:6322: checking how to convert x86_64-pc-linux-gnu file names to toolchain format
configure:6342: result: func_convert_file_noop
configure:6349: checking for /usr/bin/ld option to reload object files
configure:6356: result: -r
configure:6430: checking for objdump
configure:6446: found /usr/bin/objdump
configure:6457: result: objdump
configure:6489: checking how to recognize dependent libraries
configure:6689: result: pass_all
configure:6774: checking for dlltool
configure:6804: result: no
configure:6834: checking how to associate runtime and link libraries
configure:6861: result: printf %s\n
configure:6921: checking for ar
configure:6937: found /usr/bin/ar
configure:6948: result: ar
configure:6985: checking for archiver @FILE support
configure:7002: gcc -c -g -O2  conftest.c >&5
configure:7002: $? = 0
configure:7005: ar cru libconftest.a @conftest.lst >&5
ar: `u' modifier ignored since `D' is the default (see `U')
configure:7008: $? = 0
configure:7013: ar cru libconftest.a @conftest.lst >&5
ar: `u' modifier ignored since `D' is the default (see `U')
ar: conftest.o: No such file or directory
configure:7016: $? = 1
configure:7028: result: @
configure:7086: checking for strip
configure:7102: found /usr/bin/strip
configure:7113: result: strip
configure:7185: checking for ranlib
configure:7201: found /usr/bin/ranlib
configure:7212: result: ranlib
configure:7314: checking command to parse /usr/bin/nm -B output from gcc object
configure:7467: gcc -c -g -O2  conftest.c >&5
configure:7470: $? = 0
configure:7474: /usr/bin/nm -B conftest.o \| sed -n -e 's/^.*[ ]\([ABCDGIRSTW][ABCDGIRSTW]*\)[ ][ ]*\([_A-Za-z][_A-Za-z0-9]*\)$/\1 \2 \2/p' | sed '/ __gnu_lto/d' \> conftest.nm
configure:7477: $? = 0
configure:7543: gcc -o conftest -g -O2   conftest.c conftstm.o >&5
configure:7546: $? = 0
configure:7584: result: ok
configure:7631: checking for sysroot
configure:7661: result: no
configure:7668: checking for a working dd
configure:7706: result: /bin/dd
configure:7710: checking how to truncate binary pipes
configure:7725: result: /bin/dd bs=4096 count=1
configure:7861: gcc -c -g -O2  conftest.c >&5
configure:7864: $? = 0
configure:8054: checking for mt
configure:8070: found /bin/mt
configure:8081: result: mt
configure:8104: checking if mt is a manifest tool
configure:8110: mt '-?'
configure:8118: result: no
configure:8792: checking for dlfcn.h
configure:8792: gcc -c -g -O2  conftest.c >&5
configure:8792: $? = 0
configure:8792: result: yes
configure:9059: checking for objdir
configure:9074: result: .libs
configure:9338: checking if gcc supports -fno-rtti -fno-exceptions
configure:9356: gcc -c -g -O2  -fno-rtti -fno-exceptions conftest.c >&5
cc1: warning: command line option '-fno-rtti' is valid for C++/ObjC++ but not for C
configure:9360: $? = 0
configure:9373: result: no
configure:9731: checking for gcc option to produce PIC
configure:9738: result: -fPIC -DPIC
configure:9746: checking if gcc PIC flag -fPIC -DPIC works
configure:9764: gcc -c -g -O2  -fPIC -DPIC -DPIC conftest.c >&5
configure:9768: $? = 0
configure:9781: result: yes
configure:9810: checking if gcc static flag -static works
configure:9838: result: yes
configure:9853: checking if gcc supports -c -o file.o
configure:9874: gcc -c -g -O2  -o out/conftest2.o conftest.c >&5
configure:9878: $? = 0
configure:9900: result: yes
configure:9908: checking if gcc supports -c -o file.o
configure:9955: result: yes
configure:9988: checking whether the gcc linker (/usr/bin/ld -m elf_x86_64) supports shared libraries
configure:11251: result: yes
configure:11491: checking dynamic linker characteristics
configure:12072: gcc -o conftest -g -O2   -Wl,-rpath -Wl,/foo conftest.c  >&5
configure:12072: $? = 0
configure:12321: result: GNU/Linux ld.so
configure:12443: checking how to hardcode library paths into programs
configure:12468: result: immediate
configure:13016: checking whether stripping libraries is possible
configure:13021: result: yes
configure:13056: checking if libtool supports shared libraries
configure:13058: result: yes
configure:13061: checking whether to build shared libraries
configure:13086: result: no
configure:13089: checking whether to build static libraries
configure:13093: result: yes
configure:13116: checking how to run the C++ preprocessor
configure:13143: g++ -E  conftest.cpp
configure:13143: $? = 0
configure:13157: g++ -E  conftest.cpp
conftest.cpp:28:28: fatal error: ac_nonexistent.h: No such file or directory
compilation terminated.
configure:13157: $? = 1
configure: failed program was:
| /* confdefs.h */
| #define PACKAGE_NAME "v4l-utils"
| #define PACKAGE_TARNAME "v4l-utils"
| #define PACKAGE_VERSION "1.12.2"
| #define PACKAGE_STRING "v4l-utils 1.12.2"
| #define PACKAGE_BUGREPORT ""
| #define PACKAGE_URL ""
| #define STDC_HEADERS 1
| #define HAVE_SYS_TYPES_H 1
| #define HAVE_SYS_STAT_H 1
| #define HAVE_STDLIB_H 1
| #define HAVE_STRING_H 1
| #define HAVE_MEMORY_H 1
| #define HAVE_STRINGS_H 1
| #define HAVE_INTTYPES_H 1
| #define HAVE_STDINT_H 1
| #define HAVE_UNISTD_H 1
| #define __EXTENSIONS__ 1
| #define _ALL_SOURCE 1
| #define _GNU_SOURCE 1
| #define _POSIX_PTHREAD_SEMANTICS 1
| #define _TANDEM_SOURCE 1
| #define PACKAGE "v4l-utils"
| #define VERSION "1.12.2"
| #define HAVE_DLFCN_H 1
| #define LT_OBJDIR ".libs/"
| /* end confdefs.h.  */
| #include <ac_nonexistent.h>
configure:13182: result: g++ -E
configure:13202: g++ -E  conftest.cpp
configure:13202: $? = 0
configure:13216: g++ -E  conftest.cpp
conftest.cpp:28:28: fatal error: ac_nonexistent.h: No such file or directory
compilation terminated.
configure:13216: $? = 1
configure: failed program was:
| /* confdefs.h */
| #define PACKAGE_NAME "v4l-utils"
| #define PACKAGE_TARNAME "v4l-utils"
| #define PACKAGE_VERSION "1.12.2"
| #define PACKAGE_STRING "v4l-utils 1.12.2"
| #define PACKAGE_BUGREPORT ""
| #define PACKAGE_URL ""
| #define STDC_HEADERS 1
| #define HAVE_SYS_TYPES_H 1
| #define HAVE_SYS_STAT_H 1
| #define HAVE_STDLIB_H 1
| #define HAVE_STRING_H 1
| #define HAVE_MEMORY_H 1
| #define HAVE_STRINGS_H 1
| #define HAVE_INTTYPES_H 1
| #define HAVE_STDINT_H 1
| #define HAVE_UNISTD_H 1
| #define __EXTENSIONS__ 1
| #define _ALL_SOURCE 1
| #define _GNU_SOURCE 1
| #define _POSIX_PTHREAD_SEMANTICS 1
| #define _TANDEM_SOURCE 1
| #define PACKAGE "v4l-utils"
| #define VERSION "1.12.2"
| #define HAVE_DLFCN_H 1
| #define LT_OBJDIR ".libs/"
| /* end confdefs.h.  */
| #include <ac_nonexistent.h>
configure:13378: checking for ld used by g++
configure:13445: result: /usr/bin/ld -m elf_x86_64
configure:13452: checking if the linker (/usr/bin/ld -m elf_x86_64) is GNU ld
configure:13467: result: yes
configure:13522: checking whether the g++ linker (/usr/bin/ld -m elf_x86_64) supports shared libraries
configure:14595: result: yes
configure:14631: g++ -c -g -O2  conftest.cpp >&5
configure:14634: $? = 0
configure:15115: checking for g++ option to produce PIC
configure:15122: result: -fPIC -DPIC
configure:15130: checking if g++ PIC flag -fPIC -DPIC works
configure:15148: g++ -c -g -O2  -fPIC -DPIC -DPIC conftest.cpp >&5
configure:15152: $? = 0
configure:15165: result: yes
configure:15188: checking if g++ static flag -static works
configure:15216: result: yes
configure:15228: checking if g++ supports -c -o file.o
configure:15249: g++ -c -g -O2  -o out/conftest2.o conftest.cpp >&5
configure:15253: $? = 0
configure:15275: result: yes
configure:15280: checking if g++ supports -c -o file.o
configure:15327: result: yes
configure:15357: checking whether the g++ linker (/usr/bin/ld -m elf_x86_64) supports shared libraries
configure:15400: result: yes
configure:15541: checking dynamic linker characteristics
configure:16298: result: GNU/Linux ld.so
configure:16363: checking how to hardcode library paths into programs
configure:16388: result: immediate
configure:16450: checking whether ln -s works
configure:16454: result: yes
configure:16515: checking for pkg-config
configure:16533: found /usr/bin/pkg-config
configure:16545: result: /usr/bin/pkg-config
configure:16570: checking pkg-config is at least version 0.9.0
configure:16573: result: yes
configure:16681: checking for doxygen
configure:16714: result: no
configure:16734: WARNING: doxygen not found - will not generate any doxygen documentation
configure:16787: checking for perl
configure:16805: found /usr/bin/perl
configure:16817: result: /usr/bin/perl
configure:18413: checking whether NLS is requested
configure:18422: result: yes
configure:18462: checking for msgfmt
configure: trying /usr/bin/msgfmt...
0 translated messages.
configure:18494: result: /usr/bin/msgfmt
configure:18503: checking for gmsgfmt
configure:18534: result: /usr/bin/msgfmt
configure:18584: checking for xgettext
configure: trying /usr/bin/xgettext...
/usr/bin/xgettext: warning: file '/dev/null' extension '' is unknown; will try C
configure:18616: result: /usr/bin/xgettext
configure:18661: checking for msgmerge
configure: trying /usr/bin/msgmerge...
configure:18692: result: /usr/bin/msgmerge
configure:18750: checking for ld used by gcc
configure:18817: result: /usr/bin/ld -m elf_x86_64
configure:18824: checking if the linker (/usr/bin/ld -m elf_x86_64) is GNU ld
configure:18839: result: yes
configure:18846: checking for shared library run path origin
configure:18859: result: done
configure:19431: checking for CFPreferencesCopyAppValue
configure:19449: gcc -o conftest -g -O2   conftest.c  -Wl,-framework -Wl,CoreFoundation >&5
conftest.c:28:42: fatal error: CoreFoundation/CFPreferences.h: No such file or directory
compilation terminated.
configure:19449: $? = 1
configure: failed program was:
| /* confdefs.h */
| #define PACKAGE_NAME "v4l-utils"
| #define PACKAGE_TARNAME "v4l-utils"
| #define PACKAGE_VERSION "1.12.2"
| #define PACKAGE_STRING "v4l-utils 1.12.2"
| #define PACKAGE_BUGREPORT ""
| #define PACKAGE_URL ""
| #define STDC_HEADERS 1
| #define HAVE_SYS_TYPES_H 1
| #define HAVE_SYS_STAT_H 1
| #define HAVE_STDLIB_H 1
| #define HAVE_STRING_H 1
| #define HAVE_MEMORY_H 1
| #define HAVE_STRINGS_H 1
| #define HAVE_INTTYPES_H 1
| #define HAVE_STDINT_H 1
| #define HAVE_UNISTD_H 1
| #define __EXTENSIONS__ 1
| #define _ALL_SOURCE 1
| #define _GNU_SOURCE 1
| #define _POSIX_PTHREAD_SEMANTICS 1
| #define _TANDEM_SOURCE 1
| #define PACKAGE "v4l-utils"
| #define VERSION "1.12.2"
| #define HAVE_DLFCN_H 1
| #define LT_OBJDIR ".libs/"
| /* end confdefs.h.  */
| #include <CoreFoundation/CFPreferences.h>
| int
| main ()
| {
| CFPreferencesCopyAppValue(NULL, NULL)
|   ;
|   return 0;
| }
configure:19458: result: no
configure:19465: checking for CFLocaleCopyCurrent
configure:19483: gcc -o conftest -g -O2   conftest.c  -Wl,-framework -Wl,CoreFoundation >&5
conftest.c:28:37: fatal error: CoreFoundation/CFLocale.h: No such file or directory
compilation terminated.
configure:19483: $? = 1
configure: failed program was:
| /* confdefs.h */
| #define PACKAGE_NAME "v4l-utils"
| #define PACKAGE_TARNAME "v4l-utils"
| #define PACKAGE_VERSION "1.12.2"
| #define PACKAGE_STRING "v4l-utils 1.12.2"
| #define PACKAGE_BUGREPORT ""
| #define PACKAGE_URL ""
| #define STDC_HEADERS 1
| #define HAVE_SYS_TYPES_H 1
| #define HAVE_SYS_STAT_H 1
| #define HAVE_STDLIB_H 1
| #define HAVE_STRING_H 1
| #define HAVE_MEMORY_H 1
| #define HAVE_STRINGS_H 1
| #define HAVE_INTTYPES_H 1
| #define HAVE_STDINT_H 1
| #define HAVE_UNISTD_H 1
| #define __EXTENSIONS__ 1
| #define _ALL_SOURCE 1
| #define _GNU_SOURCE 1
| #define _POSIX_PTHREAD_SEMANTICS 1
| #define _TANDEM_SOURCE 1
| #define PACKAGE "v4l-utils"
| #define VERSION "1.12.2"
| #define HAVE_DLFCN_H 1
| #define LT_OBJDIR ".libs/"
| /* end confdefs.h.  */
| #include <CoreFoundation/CFLocale.h>
| int
| main ()
| {
| CFLocaleCopyCurrent();
|   ;
|   return 0;
| }
configure:19492: result: no
configure:19541: checking for GNU gettext in libc
configure:19570: gcc -o conftest -g -O2   conftest.c  >&5
configure:19570: $? = 0
configure:19579: result: yes
configure:20426: checking whether to use NLS
configure:20428: result: yes
configure:20431: checking where the gettext function comes from
configure:20442: result: libc
configure:20539: checking for mode_t
configure:20539: gcc -c -g -O2  conftest.c >&5
configure:20539: $? = 0
configure:20539: gcc -c -g -O2  conftest.c >&5
conftest.c: In function 'main':
conftest.c:69:21: error: expected expression before ')' token
 if (sizeof ((mode_t)))
                     ^
configure:20539: $? = 1
configure: failed program was:
| /* confdefs.h */
| #define PACKAGE_NAME "v4l-utils"
| #define PACKAGE_TARNAME "v4l-utils"
| #define PACKAGE_VERSION "1.12.2"
| #define PACKAGE_STRING "v4l-utils 1.12.2"
| #define PACKAGE_BUGREPORT ""
| #define PACKAGE_URL ""
| #define STDC_HEADERS 1
| #define HAVE_SYS_TYPES_H 1
| #define HAVE_SYS_STAT_H 1
| #define HAVE_STDLIB_H 1
| #define HAVE_STRING_H 1
| #define HAVE_MEMORY_H 1
| #define HAVE_STRINGS_H 1
| #define HAVE_INTTYPES_H 1
| #define HAVE_STDINT_H 1
| #define HAVE_UNISTD_H 1
| #define __EXTENSIONS__ 1
| #define _ALL_SOURCE 1
| #define _GNU_SOURCE 1
| #define _POSIX_PTHREAD_SEMANTICS 1
| #define _TANDEM_SOURCE 1
| #define PACKAGE "v4l-utils"
| #define VERSION "1.12.2"
| #define HAVE_DLFCN_H 1
| #define LT_OBJDIR ".libs/"
| #define ENABLE_NLS 1
| #define HAVE_GETTEXT 1
| #define HAVE_DCGETTEXT 1
| #define LIBDVBV5_DOMAIN "libdvbv5"
| #define LOCALEDIR "/home/paul/project/ezCam_dependency/pkg/v4l2/release/share/locale"
| /* end confdefs.h.  */
| #include <stdio.h>
| #ifdef HAVE_SYS_TYPES_H
| # include <sys/types.h>
| #endif
| #ifdef HAVE_SYS_STAT_H
| # include <sys/stat.h>
| #endif
| #ifdef STDC_HEADERS
| # include <stdlib.h>
| # include <stddef.h>
| #else
| # ifdef HAVE_STDLIB_H
| #  include <stdlib.h>
| # endif
| #endif
| #ifdef HAVE_STRING_H
| # if !defined STDC_HEADERS && defined HAVE_MEMORY_H
| #  include <memory.h>
| # endif
| # include <string.h>
| #endif
| #ifdef HAVE_STRINGS_H
| # include <strings.h>
| #endif
| #ifdef HAVE_INTTYPES_H
| # include <inttypes.h>
| #endif
| #ifdef HAVE_STDINT_H
| # include <stdint.h>
| #endif
| #ifdef HAVE_UNISTD_H
| # include <unistd.h>
| #endif
| int
| main ()
| {
| if (sizeof ((mode_t)))
| 	    return 0;
|   ;
|   return 0;
| }
configure:20539: result: yes
configure:20552: checking for promoted mode_t type
configure:20569: gcc -c -g -O2  conftest.c >&5
conftest.c: In function 'main':
conftest.c:37:13: error: size of array 'array' is negative
 typedef int array[2 * (sizeof (mode_t) < sizeof (int)) - 1];
             ^
configure:20569: $? = 1
configure: failed program was:
| /* confdefs.h */
| #define PACKAGE_NAME "v4l-utils"
| #define PACKAGE_TARNAME "v4l-utils"
| #define PACKAGE_VERSION "1.12.2"
| #define PACKAGE_STRING "v4l-utils 1.12.2"
| #define PACKAGE_BUGREPORT ""
| #define PACKAGE_URL ""
| #define STDC_HEADERS 1
| #define HAVE_SYS_TYPES_H 1
| #define HAVE_SYS_STAT_H 1
| #define HAVE_STDLIB_H 1
| #define HAVE_STRING_H 1
| #define HAVE_MEMORY_H 1
| #define HAVE_STRINGS_H 1
| #define HAVE_INTTYPES_H 1
| #define HAVE_STDINT_H 1
| #define HAVE_UNISTD_H 1
| #define __EXTENSIONS__ 1
| #define _ALL_SOURCE 1
| #define _GNU_SOURCE 1
| #define _POSIX_PTHREAD_SEMANTICS 1
| #define _TANDEM_SOURCE 1
| #define PACKAGE "v4l-utils"
| #define VERSION "1.12.2"
| #define HAVE_DLFCN_H 1
| #define LT_OBJDIR ".libs/"
| #define ENABLE_NLS 1
| #define HAVE_GETTEXT 1
| #define HAVE_DCGETTEXT 1
| #define LIBDVBV5_DOMAIN "libdvbv5"
| #define LOCALEDIR "/home/paul/project/ezCam_dependency/pkg/v4l2/release/share/locale"
| /* end confdefs.h.  */
| #include <sys/types.h>
| int
| main ()
| {
| typedef int array[2 * (sizeof (mode_t) < sizeof (int)) - 1];
|   ;
|   return 0;
| }
configure:20577: result: mode_t
configure:20590: checking whether the -Werror option is usable
configure:20609: gcc -c -g -O2 -Werror  conftest.c >&5
configure:20609: $? = 0
configure:20618: result: yes
configure:20620: checking for simple visibility declarations
configure:20647: gcc -c -g -O2 -fvisibility=hidden -Werror  conftest.c >&5
configure:20647: $? = 0
configure:20656: result: yes
configure:20674: checking sys/klog.h usability
configure:20674: gcc -c -g -O2  conftest.c >&5
configure:20674: $? = 0
configure:20674: result: yes
configure:20674: checking sys/klog.h presence
configure:20674: gcc -E  conftest.c
configure:20674: $? = 0
configure:20674: result: yes
configure:20674: checking for sys/klog.h
configure:20674: result: yes
configure:20686: checking for klogctl
configure:20686: gcc -o conftest -g -O2   conftest.c  >&5
configure:20686: $? = 0
configure:20686: result: yes
configure:20696: checking for ioctl with POSIX signature
configure:20713: gcc -c -g -O2  conftest.c >&5
conftest.c: In function 'main':
conftest.c:41:5: error: conflicting types for 'ioctl'
 int ioctl (int, int, ...);
     ^
In file included from conftest.c:37:0:
/usr/include/x86_64-linux-gnu/sys/ioctl.h:41:12: note: previous declaration of 'ioctl' was here
 extern int ioctl (int __fd, unsigned long int __request, ...) __THROW;
            ^
configure:20713: $? = 1
configure: failed program was:
| /* confdefs.h */
| #define PACKAGE_NAME "v4l-utils"
| #define PACKAGE_TARNAME "v4l-utils"
| #define PACKAGE_VERSION "1.12.2"
| #define PACKAGE_STRING "v4l-utils 1.12.2"
| #define PACKAGE_BUGREPORT ""
| #define PACKAGE_URL ""
| #define STDC_HEADERS 1
| #define HAVE_SYS_TYPES_H 1
| #define HAVE_SYS_STAT_H 1
| #define HAVE_STDLIB_H 1
| #define HAVE_STRING_H 1
| #define HAVE_MEMORY_H 1
| #define HAVE_STRINGS_H 1
| #define HAVE_INTTYPES_H 1
| #define HAVE_STDINT_H 1
| #define HAVE_UNISTD_H 1
| #define __EXTENSIONS__ 1
| #define _ALL_SOURCE 1
| #define _GNU_SOURCE 1
| #define _POSIX_PTHREAD_SEMANTICS 1
| #define _TANDEM_SOURCE 1
| #define PACKAGE "v4l-utils"
| #define VERSION "1.12.2"
| #define HAVE_DLFCN_H 1
| #define LT_OBJDIR ".libs/"
| #define ENABLE_NLS 1
| #define HAVE_GETTEXT 1
| #define HAVE_DCGETTEXT 1
| #define LIBDVBV5_DOMAIN "libdvbv5"
| #define LOCALEDIR "/home/paul/project/ezCam_dependency/pkg/v4l2/release/share/locale"
| #define PROMOTED_MODE_T mode_t
| #define HAVE_VISIBILITY 1
| #define HAVE_SYS_KLOG_H 1
| #define HAVE_KLOGCTL 1
| /* end confdefs.h.  */
| #include <sys/ioctl.h>
| int
| main ()
| {
| int ioctl (int, int, ...);
|   ;
|   return 0;
| }
| 
configure:20721: result: no
configure:20732: checking for __secure_getenv
configure:20732: gcc -o conftest -g -O2   conftest.c  >&5
/tmp/ccUTcCg5.o: In function `main':
/home/paul/project/ezCam_dependency/pkg/v4l2/v4l-utils-1.12.2/conftest.c:71: undefined reference to `__secure_getenv'
collect2: error: ld returned 1 exit status
configure:20732: $? = 1
configure: failed program was:
| /* confdefs.h */
| #define PACKAGE_NAME "v4l-utils"
| #define PACKAGE_TARNAME "v4l-utils"
| #define PACKAGE_VERSION "1.12.2"
| #define PACKAGE_STRING "v4l-utils 1.12.2"
| #define PACKAGE_BUGREPORT ""
| #define PACKAGE_URL ""
| #define STDC_HEADERS 1
| #define HAVE_SYS_TYPES_H 1
| #define HAVE_SYS_STAT_H 1
| #define HAVE_STDLIB_H 1
| #define HAVE_STRING_H 1
| #define HAVE_MEMORY_H 1
| #define HAVE_STRINGS_H 1
| #define HAVE_INTTYPES_H 1
| #define HAVE_STDINT_H 1
| #define HAVE_UNISTD_H 1
| #define __EXTENSIONS__ 1
| #define _ALL_SOURCE 1
| #define _GNU_SOURCE 1
| #define _POSIX_PTHREAD_SEMANTICS 1
| #define _TANDEM_SOURCE 1
| #define PACKAGE "v4l-utils"
| #define VERSION "1.12.2"
| #define HAVE_DLFCN_H 1
| #define LT_OBJDIR ".libs/"
| #define ENABLE_NLS 1
| #define HAVE_GETTEXT 1
| #define HAVE_DCGETTEXT 1
| #define LIBDVBV5_DOMAIN "libdvbv5"
| #define LOCALEDIR "/home/paul/project/ezCam_dependency/pkg/v4l2/release/share/locale"
| #define PROMOTED_MODE_T mode_t
| #define HAVE_VISIBILITY 1
| #define HAVE_SYS_KLOG_H 1
| #define HAVE_KLOGCTL 1
| /* end confdefs.h.  */
| /* Define __secure_getenv to an innocuous variant, in case <limits.h> declares __secure_getenv.
|    For example, HP-UX 11i <limits.h> declares gettimeofday.  */
| #define __secure_getenv innocuous___secure_getenv
| 
| /* System header to define __stub macros and hopefully few prototypes,
|     which can conflict with char __secure_getenv (); below.
|     Prefer <limits.h> to <assert.h> if __STDC__ is defined, since
|     <limits.h> exists even on freestanding compilers.  */
| 
| #ifdef __STDC__
| # include <limits.h>
| #else
| # include <assert.h>
| #endif
| 
| #undef __secure_getenv
| 
| /* Override any GCC internal prototype to avoid an error.
|    Use char because int might match the return type of a GCC
|    builtin and then its argument prototype would still apply.  */
| #ifdef __cplusplus
| extern "C"
| #endif
| char __secure_getenv ();
| /* The GNU C library defines this for functions which it implements
|     to always fail with ENOSYS.  Some functions are actually named
|     something starting with __ and the normal name is an alias.  */
| #if defined __stub___secure_getenv || defined __stub_____secure_getenv
| choke me
| #endif
| 
| int
| main ()
| {
| return __secure_getenv ();
|   ;
|   return 0;
| }
configure:20732: result: no
configure:20732: checking for secure_getenv
configure:20732: gcc -o conftest -g -O2   conftest.c  >&5
configure:20732: $? = 0
configure:20732: result: yes
configure:20765: checking for X11
configure:20772: $PKG_CONFIG --exists --print-errors "x11"
configure:20775: $? = 0
configure:20789: $PKG_CONFIG --exists --print-errors "x11"
configure:20792: $? = 0
configure:20830: result: yes
configure:20848: checking for GL
configure:20855: $PKG_CONFIG --exists --print-errors "gl"
configure:20858: $? = 0
configure:20872: $PKG_CONFIG --exists --print-errors "gl"
configure:20875: $? = 0
configure:20913: result: yes
configure:20934: checking for GLU
configure:20941: $PKG_CONFIG --exists --print-errors "glu"
configure:20944: $? = 0
configure:20958: $PKG_CONFIG --exists --print-errors "glu"
configure:20961: $? = 0
configure:20999: result: yes
configure:21028: checking jpeglib.h usability
configure:21028: gcc -c -g -O2  conftest.c >&5
configure:21028: $? = 0
configure:21028: result: yes
configure:21028: checking jpeglib.h presence
configure:21028: gcc -E  conftest.c
configure:21028: $? = 0
configure:21028: result: yes
configure:21028: checking for jpeglib.h
configure:21028: result: yes
configure:21030: checking for jpeg_read_header in -ljpeg
configure:21055: gcc -o conftest -g -O2   conftest.c -ljpeg   >&5
configure:21055: $? = 0
configure:21064: result: yes
configure:21100: checking for QT5
configure:21107: $PKG_CONFIG --exists --print-errors "Qt5Core >= 5.0 Qt5Gui >= 5.0 Qt5Widgets >= 5.0"
Package Qt5Core was not found in the pkg-config search path.
Perhaps you should add the directory containing `Qt5Core.pc'
to the PKG_CONFIG_PATH environment variable
No package 'Qt5Core' found
Package Qt5Gui was not found in the pkg-config search path.
Perhaps you should add the directory containing `Qt5Gui.pc'
to the PKG_CONFIG_PATH environment variable
No package 'Qt5Gui' found
Package Qt5Widgets was not found in the pkg-config search path.
Perhaps you should add the directory containing `Qt5Widgets.pc'
to the PKG_CONFIG_PATH environment variable
No package 'Qt5Widgets' found
configure:21110: $? = 1
configure:21124: $PKG_CONFIG --exists --print-errors "Qt5Core >= 5.0 Qt5Gui >= 5.0 Qt5Widgets >= 5.0"
Package Qt5Core was not found in the pkg-config search path.
Perhaps you should add the directory containing `Qt5Core.pc'
to the PKG_CONFIG_PATH environment variable
No package 'Qt5Core' found
Package Qt5Gui was not found in the pkg-config search path.
Perhaps you should add the directory containing `Qt5Gui.pc'
to the PKG_CONFIG_PATH environment variable
No package 'Qt5Gui' found
Package Qt5Widgets was not found in the pkg-config search path.
Perhaps you should add the directory containing `Qt5Widgets.pc'
to the PKG_CONFIG_PATH environment variable
No package 'Qt5Widgets' found
configure:21127: $? = 1
configure:21141: result: no
No package 'Qt5Core' found
No package 'Qt5Gui' found
No package 'Qt5Widgets' found
configure:21391: checking for QT
configure:21398: $PKG_CONFIG --exists --print-errors "QtCore >= 4.0 QtGui >= 4.0"
Package QtCore was not found in the pkg-config search path.
Perhaps you should add the directory containing `QtCore.pc'
to the PKG_CONFIG_PATH environment variable
No package 'QtCore' found
Package QtGui was not found in the pkg-config search path.
Perhaps you should add the directory containing `QtGui.pc'
to the PKG_CONFIG_PATH environment variable
No package 'QtGui' found
configure:21401: $? = 1
configure:21415: $PKG_CONFIG --exists --print-errors "QtCore >= 4.0 QtGui >= 4.0"
Package QtCore was not found in the pkg-config search path.
Perhaps you should add the directory containing `QtCore.pc'
to the PKG_CONFIG_PATH environment variable
No package 'QtCore' found
Package QtGui was not found in the pkg-config search path.
Perhaps you should add the directory containing `QtGui.pc'
to the PKG_CONFIG_PATH environment variable
No package 'QtGui' found
configure:21418: $? = 1
configure:21432: result: no
No package 'QtCore' found
No package 'QtGui' found
configure:21552: WARNING: Qt4 or higher is not available
configure:21560: checking for ALSA
configure:21567: $PKG_CONFIG --exists --print-errors "alsa"
configure:21570: $? = 0
configure:21584: $PKG_CONFIG --exists --print-errors "alsa"
configure:21587: $? = 0
configure:21625: result: yes
configure:21640: checking for libudev
configure:21647: $PKG_CONFIG --exists --print-errors "libudev"
configure:21650: $? = 0
configure:21664: $PKG_CONFIG --exists --print-errors "libudev"
configure:21667: $? = 0
configure:21705: result: yes
configure:22377: checking for library containing dlopen
configure:22408: gcc -o conftest -g -O2   conftest.c  >&5
/tmp/ccsHhhgL.o: In function `main':
/home/paul/project/ezCam_dependency/pkg/v4l2/v4l-utils-1.12.2/conftest.c:52: undefined reference to `dlopen'
collect2: error: ld returned 1 exit status
configure:22408: $? = 1
configure: failed program was:
| /* confdefs.h */
| #define PACKAGE_NAME "v4l-utils"
| #define PACKAGE_TARNAME "v4l-utils"
| #define PACKAGE_VERSION "1.12.2"
| #define PACKAGE_STRING "v4l-utils 1.12.2"
| #define PACKAGE_BUGREPORT ""
| #define PACKAGE_URL ""
| #define STDC_HEADERS 1
| #define HAVE_SYS_TYPES_H 1
| #define HAVE_SYS_STAT_H 1
| #define HAVE_STDLIB_H 1
| #define HAVE_STRING_H 1
| #define HAVE_MEMORY_H 1
| #define HAVE_STRINGS_H 1
| #define HAVE_INTTYPES_H 1
| #define HAVE_STDINT_H 1
| #define HAVE_UNISTD_H 1
| #define __EXTENSIONS__ 1
| #define _ALL_SOURCE 1
| #define _GNU_SOURCE 1
| #define _POSIX_PTHREAD_SEMANTICS 1
| #define _TANDEM_SOURCE 1
| #define PACKAGE "v4l-utils"
| #define VERSION "1.12.2"
| #define HAVE_DLFCN_H 1
| #define LT_OBJDIR ".libs/"
| #define ENABLE_NLS 1
| #define HAVE_GETTEXT 1
| #define HAVE_DCGETTEXT 1
| #define LIBDVBV5_DOMAIN "libdvbv5"
| #define LOCALEDIR "/home/paul/project/ezCam_dependency/pkg/v4l2/release/share/locale"
| #define PROMOTED_MODE_T mode_t
| #define HAVE_VISIBILITY 1
| #define HAVE_SYS_KLOG_H 1
| #define HAVE_KLOGCTL 1
| #define HAVE_SECURE_GETENV 1
| #define HAVE_JPEG 1
| #define HAVE_ALSA 1
| #define HAVE_LIBUDEV /**/
| /* end confdefs.h.  */
| 
| /* Override any GCC internal prototype to avoid an error.
|    Use char because int might match the return type of a GCC
|    builtin and then its argument prototype would still apply.  */
| #ifdef __cplusplus
| extern "C"
| #endif
| char dlopen ();
| int
| main ()
| {
| return dlopen ();
|   ;
|   return 0;
| }
configure:22408: gcc -o conftest -g -O2   conftest.c -ldl   >&5
configure:22408: $? = 0
configure:22425: result: -ldl
configure:22438: checking argp.h usability
configure:22438: gcc -c -g -O2  conftest.c >&5
configure:22438: $? = 0
configure:22438: result: yes
configure:22438: checking argp.h presence
configure:22438: gcc -E  conftest.c
configure:22438: $? = 0
configure:22438: result: yes
configure:22438: checking for argp.h
configure:22438: result: yes
configure:22447: checking for library containing argp_parse
configure:22478: gcc -o conftest -g -O2   conftest.c  >&5
configure:22478: $? = 0
configure:22495: result: none required
configure:22508: checking linux/i2c-dev.h usability
configure:22508: gcc -c -g -O2  conftest.c >&5
configure:22508: $? = 0
configure:22508: result: yes
configure:22508: checking linux/i2c-dev.h presence
configure:22508: gcc -E  conftest.c
configure:22508: $? = 0
configure:22508: result: yes
configure:22508: checking for linux/i2c-dev.h
configure:22508: result: yes
configure:22555: checking for iconv
configure:22579: gcc -o conftest -g -O2   conftest.c  >&5
configure:22579: $? = 0
configure:22613: result: yes
configure:22616: checking for working iconv
configure:22745: gcc -o conftest -g -O2   conftest.c  >&5
configure:22745: $? = 0
configure:22745: ./conftest
configure:22745: $? = 0
configure:22757: result: yes
configure:22785: checking for iconv declaration
configure:22814: gcc -c -g -O2  conftest.c >&5
configure:22814: $? = 0
configure:22825: result:
         extern size_t iconv (iconv_t cd, char * *inbuf, size_t *inbytesleft, char * *outbuf, size_t *outbytesleft);
configure:23098: checking for library containing backtrace
configure:23129: gcc -o conftest -g -O2   conftest.c  >&5
configure:23129: $? = 0
configure:23146: result: none required
configure:23437: checking that generated files are newer than configure
configure:23443: result: done
configure:23586: creating ./config.status

## ---------------------- ##
## Running config.status. ##
## ---------------------- ##

This file was extended by v4l-utils config.status 1.12.2, which was
generated by GNU Autoconf 2.69.  Invocation command line was

  CONFIG_FILES    = 
  CONFIG_HEADERS  = 
  CONFIG_LINKS    = 
  CONFIG_COMMANDS = 
  $ ./config.status 

on ubuntu64

config.status:1399: creating Makefile
config.status:1399: creating lib/Makefile
config.status:1399: creating lib/libv4lconvert/Makefile
config.status:1399: creating lib/libv4l2/Makefile
config.status:1399: creating lib/libv4l1/Makefile
config.status:1399: creating lib/libdvbv5/Makefile
config.status:1399: creating lib/libv4l2rds/Makefile
config.status:1399: creating lib/libv4l-mplane/Makefile
config.status:1399: creating utils/Makefile
config.status:1399: creating utils/libv4l2util/Makefile
config.status:1399: creating utils/libmedia_dev/Makefile
config.status:1399: creating utils/decode_tm6000/Makefile
config.status:1399: creating utils/dvb/Makefile
config.status:1399: creating utils/keytable/Makefile
config.status:1399: creating utils/ir-ctl/Makefile
config.status:1399: creating utils/cx18-ctl/Makefile
config.status:1399: creating utils/ivtv-ctl/Makefile
config.status:1399: creating utils/media-ctl/Makefile
config.status:1399: creating utils/rds/Makefile
config.status:1399: creating utils/v4l2-compliance/Makefile
config.status:1399: creating utils/v4l2-ctl/Makefile
config.status:1399: creating utils/v4l2-dbg/Makefile
config.status:1399: creating utils/v4l2-sysfs-path/Makefile
config.status:1399: creating utils/xc3028-firmware/Makefile
config.status:1399: creating utils/qv4l2/Makefile
config.status:1399: creating utils/cec-ctl/Makefile
config.status:1399: creating utils/cec-ctl/cec-ctl.1
config.status:1399: creating utils/cec-compliance/Makefile
config.status:1399: creating utils/cec-compliance/cec-compliance.1
config.status:1399: creating utils/cec-follower/Makefile
config.status:1399: creating utils/cec-follower/cec-follower.1
config.status:1399: creating utils/rds-ctl/Makefile
config.status:1399: creating contrib/Makefile
config.status:1399: creating contrib/freebsd/Makefile
config.status:1399: creating contrib/test/Makefile
config.status:1399: creating contrib/gconv/Makefile
config.status:1399: creating contrib/cobalt-ctl/Makefile
config.status:1399: creating v4l-utils-po/Makefile.in
config.status:1399: creating libdvbv5-po/Makefile.in
config.status:1399: creating v4l-utils.spec
config.status:1399: creating lib/libv4lconvert/libv4lconvert.pc
config.status:1399: creating lib/libv4l1/libv4l1.pc
config.status:1399: creating lib/libv4l2/libv4l2.pc
config.status:1399: creating lib/libdvbv5/libdvbv5.pc
config.status:1399: creating lib/libv4l2rds/libv4l2rds.pc
config.status:1399: creating utils/media-ctl/libmediactl.pc
config.status:1399: creating utils/media-ctl/libv4l2subdev.pc
config.status:1399: creating lib/include/libdvbv5/libdvb-version.h
config.status:1399: creating utils/qv4l2/qv4l2.1
config.status:1399: creating utils/v4l2-compliance/v4l2-compliance.1
config.status:1399: creating utils/v4l2-ctl/v4l2-ctl.1
config.status:1399: creating utils/keytable/ir-keytable.1
config.status:1399: creating utils/ir-ctl/ir-ctl.1
config.status:1399: creating utils/dvb/dvb-fe-tool.1
config.status:1399: creating utils/dvb/dvbv5-scan.1
config.status:1399: creating utils/dvb/dvb-format-convert.1
config.status:1399: creating utils/dvb/dvbv5-zap.1
config.status:1399: creating config.h
config.status:1628: executing depfiles commands
config.status:1628: executing libtool commands
config.status:1628: executing po-directories commands

## ---------------- ##
## Cache variables. ##
## ---------------- ##

ac_cv_build=x86_64-pc-linux-gnu
ac_cv_c_compiler_gnu=yes
ac_cv_cxx_compiler_gnu=yes
ac_cv_env_ALSA_CFLAGS_set=
ac_cv_env_ALSA_CFLAGS_value=
ac_cv_env_ALSA_LIBS_set=
ac_cv_env_ALSA_LIBS_value=
ac_cv_env_CCC_set=
ac_cv_env_CCC_value=
ac_cv_env_CC_set=
ac_cv_env_CC_value=
ac_cv_env_CFLAGS_set=
ac_cv_env_CFLAGS_value=
ac_cv_env_CPPFLAGS_set=
ac_cv_env_CPPFLAGS_value=
ac_cv_env_CPP_set=
ac_cv_env_CPP_value=
ac_cv_env_CXXCPP_set=
ac_cv_env_CXXCPP_value=
ac_cv_env_CXXFLAGS_set=
ac_cv_env_CXXFLAGS_value=
ac_cv_env_CXX_set=
ac_cv_env_CXX_value=
ac_cv_env_DOXYGEN_PAPER_SIZE_set=
ac_cv_env_DOXYGEN_PAPER_SIZE_value=
ac_cv_env_GLU_CFLAGS_set=
ac_cv_env_GLU_CFLAGS_value=
ac_cv_env_GLU_LIBS_set=
ac_cv_env_GLU_LIBS_value=
ac_cv_env_GL_CFLAGS_set=
ac_cv_env_GL_CFLAGS_value=
ac_cv_env_GL_LIBS_set=
ac_cv_env_GL_LIBS_value=
ac_cv_env_LDFLAGS_set=
ac_cv_env_LDFLAGS_value=
ac_cv_env_LIBS_set=
ac_cv_env_LIBS_value=
ac_cv_env_LT_SYS_LIBRARY_PATH_set=
ac_cv_env_LT_SYS_LIBRARY_PATH_value=
ac_cv_env_PKG_CONFIG_LIBDIR_set=
ac_cv_env_PKG_CONFIG_LIBDIR_value=
ac_cv_env_PKG_CONFIG_PATH_set=
ac_cv_env_PKG_CONFIG_PATH_value=
ac_cv_env_PKG_CONFIG_set=
ac_cv_env_PKG_CONFIG_value=
ac_cv_env_QT5GL_CFLAGS_set=
ac_cv_env_QT5GL_CFLAGS_value=
ac_cv_env_QT5GL_LIBS_set=
ac_cv_env_QT5GL_LIBS_value=
ac_cv_env_QT5_CFLAGS_set=
ac_cv_env_QT5_CFLAGS_value=
ac_cv_env_QT5_LIBS_set=
ac_cv_env_QT5_LIBS_value=
ac_cv_env_QTGL_CFLAGS_set=
ac_cv_env_QTGL_CFLAGS_value=
ac_cv_env_QTGL_LIBS_set=
ac_cv_env_QTGL_LIBS_value=
ac_cv_env_QT_CFLAGS_set=
ac_cv_env_QT_CFLAGS_value=
ac_cv_env_QT_LIBS_set=
ac_cv_env_QT_LIBS_value=
ac_cv_env_X11_CFLAGS_set=
ac_cv_env_X11_CFLAGS_value=
ac_cv_env_X11_LIBS_set=
ac_cv_env_X11_LIBS_value=
ac_cv_env_build_alias_set=
ac_cv_env_build_alias_value=
ac_cv_env_host_alias_set=
ac_cv_env_host_alias_value=
ac_cv_env_libudev_CFLAGS_set=
ac_cv_env_libudev_CFLAGS_value=
ac_cv_env_libudev_LIBS_set=
ac_cv_env_libudev_LIBS_value=
ac_cv_env_target_alias_set=
ac_cv_env_target_alias_value=
ac_cv_func___secure_getenv=no
ac_cv_func_klogctl=yes
ac_cv_func_secure_getenv=yes
ac_cv_header_argp_h=yes
ac_cv_header_dlfcn_h=yes
ac_cv_header_inttypes_h=yes
ac_cv_header_jpeglib_h=yes
ac_cv_header_linux_i2c_dev_h=yes
ac_cv_header_memory_h=yes
ac_cv_header_minix_config_h=no
ac_cv_header_stdc=yes
ac_cv_header_stdint_h=yes
ac_cv_header_stdlib_h=yes
ac_cv_header_string_h=yes
ac_cv_header_strings_h=yes
ac_cv_header_sys_klog_h=yes
ac_cv_header_sys_stat_h=yes
ac_cv_header_sys_types_h=yes
ac_cv_header_unistd_h=yes
ac_cv_host=x86_64-pc-linux-gnu
ac_cv_lib_jpeg_jpeg_read_header=yes
ac_cv_objext=o
ac_cv_path_EGREP='/bin/grep -E'
ac_cv_path_FGREP='/bin/grep -F'
ac_cv_path_GMSGFMT=/usr/bin/msgfmt
ac_cv_path_GREP=/bin/grep
ac_cv_path_MSGFMT=/usr/bin/msgfmt
ac_cv_path_MSGMERGE=/usr/bin/msgmerge
ac_cv_path_SED=/bin/sed
ac_cv_path_XGETTEXT=/usr/bin/xgettext
ac_cv_path_ac_pt_DX_PERL=/usr/bin/perl
ac_cv_path_ac_pt_PKG_CONFIG=/usr/bin/pkg-config
ac_cv_path_install='/usr/bin/install -c'
ac_cv_path_lt_DD=/bin/dd
ac_cv_path_mkdir=/bin/mkdir
ac_cv_prog_AWK=gawk
ac_cv_prog_CPP='gcc -E'
ac_cv_prog_CXXCPP='g++ -E'
ac_cv_prog_ac_ct_AR=ar
ac_cv_prog_ac_ct_CC=gcc
ac_cv_prog_ac_ct_CXX=g++
ac_cv_prog_ac_ct_MANIFEST_TOOL=mt
ac_cv_prog_ac_ct_OBJDUMP=objdump
ac_cv_prog_ac_ct_RANLIB=ranlib
ac_cv_prog_ac_ct_STRIP=strip
ac_cv_prog_cc_c89=
ac_cv_prog_cc_c99=
ac_cv_prog_cc_g=yes
ac_cv_prog_cxx_g=yes
ac_cv_prog_make_make_set=yes
ac_cv_safe_to_define___extensions__=yes
ac_cv_search_argp_parse='none required'
ac_cv_search_backtrace='none required'
ac_cv_search_dlopen=-ldl
ac_cv_type_mode_t=yes
acl_cv_path_LD='/usr/bin/ld -m elf_x86_64'
acl_cv_prog_gnu_ld=yes
acl_cv_rpath=done
am_cv_CC_dependencies_compiler_type=gcc3
am_cv_CXX_dependencies_compiler_type=gcc3
am_cv_func_iconv=yes
am_cv_func_iconv_works=yes
am_cv_lib_iconv=no
am_cv_make_support_nested_variables=yes
am_cv_prog_cc_c_o=yes
am_cv_proto_iconv='extern size_t iconv (iconv_t cd, char * *inbuf, size_t *inbytesleft, char * *outbuf, size_t *outbytesleft);'
am_cv_proto_iconv_arg1=
gl_cv_cc_vis_werror=yes
gl_cv_cc_visibility=yes
gl_cv_func_ioctl_posix_signature=no
gl_cv_promoted_mode_t=mode_t
gt_cv_func_CFLocaleCopyCurrent=no
gt_cv_func_CFPreferencesCopyAppValue=no
gt_cv_func_gnugettext1_libc=yes
lt_cv_ar_at_file=@
lt_cv_deplibs_check_method=pass_all
lt_cv_file_magic_cmd='$MAGIC_CMD'
lt_cv_file_magic_test_file=
lt_cv_ld_reload_flag=-r
lt_cv_nm_interface='BSD nm'
lt_cv_objdir=.libs
lt_cv_path_LD=/usr/bin/ld
lt_cv_path_LDCXX='/usr/bin/ld -m elf_x86_64'
lt_cv_path_NM='/usr/bin/nm -B'
lt_cv_path_mainfest_tool=no
lt_cv_prog_compiler_c_o=yes
lt_cv_prog_compiler_c_o_CXX=yes
lt_cv_prog_compiler_pic='-fPIC -DPIC'
lt_cv_prog_compiler_pic_CXX='-fPIC -DPIC'
lt_cv_prog_compiler_pic_works=yes
lt_cv_prog_compiler_pic_works_CXX=yes
lt_cv_prog_compiler_rtti_exceptions=no
lt_cv_prog_compiler_static_works=yes
lt_cv_prog_compiler_static_works_CXX=yes
lt_cv_prog_gnu_ld=yes
lt_cv_prog_gnu_ldcxx=yes
lt_cv_sharedlib_from_linklib_cmd='printf %s\n'
lt_cv_shlibpath_overrides_runpath=no
lt_cv_sys_global_symbol_pipe='sed -n -e '\''s/^.*[	 ]\([ABCDGIRSTW][ABCDGIRSTW]*\)[	 ][	 ]*\([_A-Za-z][_A-Za-z0-9]*\)$/\1 \2 \2/p'\'' | sed '\''/ __gnu_lto/d'\'''
lt_cv_sys_global_symbol_to_c_name_address='sed -n -e '\''s/^: \(.*\) .*$/  {"\1", (void *) 0},/p'\'' -e '\''s/^[ABCDGIRSTW][ABCDGIRSTW]* .* \(.*\)$/  {"\1", (void *) \&\1},/p'\'''
lt_cv_sys_global_symbol_to_c_name_address_lib_prefix='sed -n -e '\''s/^: \(.*\) .*$/  {"\1", (void *) 0},/p'\'' -e '\''s/^[ABCDGIRSTW][ABCDGIRSTW]* .* \(lib.*\)$/  {"\1", (void *) \&\1},/p'\'' -e '\''s/^[ABCDGIRSTW][ABCDGIRSTW]* .* \(.*\)$/  {"lib\1", (void *) \&\1},/p'\'''
lt_cv_sys_global_symbol_to_cdecl='sed -n -e '\''s/^T .* \(.*\)$/extern int \1();/p'\'' -e '\''s/^[ABCDGIRSTW][ABCDGIRSTW]* .* \(.*\)$/extern char \1;/p'\'''
lt_cv_sys_global_symbol_to_import=
lt_cv_sys_max_cmd_len=1572864
lt_cv_to_host_file_cmd=func_convert_file_noop
lt_cv_to_tool_file_cmd=func_convert_file_noop
lt_cv_truncate_bin='/bin/dd bs=4096 count=1'
pkg_cv_ALSA_CFLAGS=-I/usr/include/alsa
pkg_cv_ALSA_LIBS=-lasound
pkg_cv_GLU_CFLAGS=-I/usr/include/libdrm
pkg_cv_GLU_LIBS='-lGLU -lGL'
pkg_cv_GL_CFLAGS=-I/usr/include/libdrm
pkg_cv_GL_LIBS=-lGL
pkg_cv_X11_CFLAGS=
pkg_cv_X11_LIBS=-lX11
pkg_cv_libudev_CFLAGS=
pkg_cv_libudev_LIBS=-ludev

## ----------------- ##
## Output variables. ##
## ----------------- ##

ACLOCAL='${SHELL} /home/paul/project/ezCam_dependency/pkg/v4l2/v4l-utils-1.12.2/build-aux/missing aclocal-1.15'
ALSA_CFLAGS='-I/usr/include/alsa'
ALSA_LIBS='-lasound'
AMDEPBACKSLASH='\'
AMDEP_FALSE='#'
AMDEP_TRUE=''
AMTAR='$${TAR-tar}'
AM_BACKSLASH='\'
AM_DEFAULT_V='$(AM_DEFAULT_VERBOSITY)'
AM_DEFAULT_VERBOSITY='0'
AM_V='$(V)'
AR='ar'
ARGP_LIBS=''
AUTOCONF='${SHELL} /home/paul/project/ezCam_dependency/pkg/v4l2/v4l-utils-1.12.2/build-aux/missing autoconf'
AUTOHEADER='${SHELL} /home/paul/project/ezCam_dependency/pkg/v4l2/v4l-utils-1.12.2/build-aux/missing autoheader'
AUTOMAKE='${SHELL} /home/paul/project/ezCam_dependency/pkg/v4l2/v4l-utils-1.12.2/build-aux/missing automake-1.15'
AWK='gawk'
CC='gcc'
CCDEPMODE='depmode=gcc3'
CFLAGS='-g -O2'
CFLAG_VISIBILITY='-fvisibility=hidden'
CPP='gcc -E'
CPPFLAGS='-I$(top_srcdir)/lib/include -Wall -Wpointer-arith -D_GNU_SOURCE -I$(top_srcdir)/include '
CXX='g++'
CXXCPP='g++ -E'
CXXDEPMODE='depmode=gcc3'
CXXFLAGS='-g -O2'
CYGPATH_W='echo'
DEFS='-DHAVE_CONFIG_H'
DEPDIR='.deps'
DLLTOOL='false'
DLOPEN_LIBS='-ldl'
DOXYGEN_PAPER_SIZE=''
DSYMUTIL=''
DUMPBIN=''
DX_COND_chi_FALSE=''
DX_COND_chi_TRUE='#'
DX_COND_chm_FALSE=''
DX_COND_chm_TRUE='#'
DX_COND_doc_FALSE=''
DX_COND_doc_TRUE='#'
DX_COND_dot_FALSE=''
DX_COND_dot_TRUE='#'
DX_COND_html_FALSE=''
DX_COND_html_TRUE='#'
DX_COND_latex_FALSE=''
DX_COND_latex_TRUE='#'
DX_COND_man_FALSE=''
DX_COND_man_TRUE='#'
DX_COND_pdf_FALSE=''
DX_COND_pdf_TRUE='#'
DX_COND_ps_FALSE=''
DX_COND_ps_TRUE='#'
DX_COND_rtf_FALSE=''
DX_COND_rtf_TRUE='#'
DX_COND_xml_FALSE=''
DX_COND_xml_TRUE='#'
DX_CONFIG='doxygen_libdvbv5.cfg'
DX_DOCDIR='doxygen-doc'
DX_DOT=''
DX_DOXYGEN=''
DX_DVIPS=''
DX_EGREP=''
DX_ENV=' SRCDIR='\''.'\'' PROJECT='\''v4l-utils'\'' DOCDIR='\''doxygen-doc'\'' VERSION='\''1.12.2'\'' HAVE_DOT='\''NO'\'' GENERATE_MAN='\''NO'\'' GENERATE_RTF='\''NO'\'' GENERATE_XML='\''NO'\'' GENERATE_HTMLHELP='\''NO'\'' GENERATE_CHI='\''NO'\'' GENERATE_HTML='\''NO'\'' GENERATE_LATEX='\''NO'\'''
DX_FLAG_chi='0'
DX_FLAG_chm='0'
DX_FLAG_doc='0'
DX_FLAG_dot='0'
DX_FLAG_html='0'
DX_FLAG_man='0'
DX_FLAG_pdf='0'
DX_FLAG_ps='0'
DX_FLAG_rtf='0'
DX_FLAG_xml='0'
DX_HHC=''
DX_LATEX=''
DX_MAKEINDEX=''
DX_PDFLATEX=''
DX_PERL='/usr/bin/perl'
DX_PROJECT='v4l-utils'
ECHO_C=''
ECHO_N='-n'
ECHO_T=''
EGREP='/bin/grep -E'
ENFORCE_LIBDVBV5_STATIC=''
ENFORCE_LIBV4L_STATIC=''
EXEEXT=''
FGREP='/bin/grep -F'
GETTEXT_MACRO_VERSION='0.19'
GLU_CFLAGS='-I/usr/include/libdrm'
GLU_LIBS='-lGLU -lGL'
GL_CFLAGS='-I/usr/include/libdrm'
GL_LIBS='-lGL'
GMSGFMT='/usr/bin/msgfmt'
GMSGFMT_015='/usr/bin/msgfmt'
GREP='/bin/grep'
HAVE_GLU_FALSE='#'
HAVE_GLU_TRUE=''
HAVE_GL_FALSE='#'
HAVE_GL_TRUE=''
HAVE_JPEG_FALSE='#'
HAVE_JPEG_TRUE=''
HAVE_LINUX_I2C_DEV_FALSE='#'
HAVE_LINUX_I2C_DEV_TRUE=''
HAVE_VISIBILITY='1'
HAVE_X11_FALSE='#'
HAVE_X11_TRUE=''
INSTALL_DATA='${INSTALL} -m 644'
INSTALL_PROGRAM='${INSTALL}'
INSTALL_SCRIPT='${INSTALL}'
INSTALL_STRIP_PROGRAM='$(install_sh) -c -s'
INTLLIBS=''
INTL_MACOSX_LIBS=''
IR_KEYTABLE_SYSTEM_DIR='/lib/udev/rc_keymaps'
IR_KEYTABLE_USER_DIR='/home/paul/project/ezCam_dependency/pkg/v4l2/release/etc/rc_keymaps'
JPEG_LIBS='-ljpeg'
LD='/usr/bin/ld -m elf_x86_64'
LDFLAGS=''
LIBDVBV5_DOMAIN='libdvbv5'
LIBICONV=''
LIBINTL=''
LIBOBJS=''
LIBS=''
LIBTOOL='$(SHELL) $(top_builddir)/libtool'
LIBUDEV_CFLAGS=''
LIBUDEV_LIBS='-ludev'
LIBV4L1_PRIV_DIR='/home/paul/project/ezCam_dependency/pkg/v4l2/release/lib/libv4l'
LIBV4L2_PLUGIN_DIR='/home/paul/project/ezCam_dependency/pkg/v4l2/release/lib/libv4l/plugins'
LIBV4L2_PRIV_DIR='/home/paul/project/ezCam_dependency/pkg/v4l2/release/lib/libv4l'
LIBV4LCONVERT_PRIV_DIR='/home/paul/project/ezCam_dependency/pkg/v4l2/release/lib/libv4l'
LINUX_OS_FALSE='#'
LINUX_OS_TRUE=''
LIPO=''
LN_S='ln -s'
LTLIBICONV=''
LTLIBINTL=''
LTLIBOBJS=''
LT_SYS_LIBRARY_PATH=''
MAINT='#'
MAINTAINER_MODE_FALSE=''
MAINTAINER_MODE_TRUE='#'
MAJOR='1'
MAKEINFO='${SHELL} /home/paul/project/ezCam_dependency/pkg/v4l2/v4l-utils-1.12.2/build-aux/missing makeinfo'
MANIFEST_TOOL=':'
MINOR='12'
MKDIR_P='/bin/mkdir -p'
MOC=''
MSGFMT='/usr/bin/msgfmt'
MSGFMT_015='/usr/bin/msgfmt'
MSGMERGE='/usr/bin/msgmerge'
NM='/usr/bin/nm -B'
NMEDIT=''
OBJDUMP='objdump'
OBJEXT='o'
OTOOL64=''
OTOOL=''
PACKAGE='v4l-utils'
PACKAGE_BUGREPORT=''
PACKAGE_NAME='v4l-utils'
PACKAGE_STRING='v4l-utils 1.12.2'
PACKAGE_TARNAME='v4l-utils'
PACKAGE_URL=''
PACKAGE_VERSION='1.12.2'
PATCH='2'
PATH_SEPARATOR=':'
PKG_CONFIG='/usr/bin/pkg-config'
PKG_CONFIG_LIBDIR=''
PKG_CONFIG_PATH=''
POSUB='po'
PTHREAD_CC=''
PTHREAD_CFLAGS=''
PTHREAD_LIBS=''
QT5GL_CFLAGS=''
QT5GL_LIBS=''
QT5_CFLAGS=''
QT5_LIBS=''
QTGL_CFLAGS=''
QTGL_LIBS=''
QT_CFLAGS=''
QT_LIBS=''
RANLIB='ranlib'
RCC=''
SED='/bin/sed'
SET_MAKE=''
SHELL='/bin/bash'
STRIP='strip'
UIC=''
USE_NLS='yes'
V4L_UTILS_VERSION=''
VERSION='1.12.2'
WITH_DVBV5_REMOTE_FALSE=''
WITH_DVBV5_REMOTE_TRUE='#'
WITH_GCONV_FALSE=''
WITH_GCONV_TRUE='#'
WITH_LIBDVBV5_FALSE='#'
WITH_LIBDVBV5_TRUE=''
WITH_LIBV4L_FALSE='#'
WITH_LIBV4L_TRUE=''
WITH_QTGL_FALSE=''
WITH_QTGL_TRUE='#'
WITH_QV4L2_FALSE=''
WITH_QV4L2_TRUE='#'
WITH_V4L2_COMPLIANCE_LIBV4L_FALSE='#'
WITH_V4L2_COMPLIANCE_LIBV4L_TRUE=''
WITH_V4L2_CTL_LIBV4L_FALSE='#'
WITH_V4L2_CTL_LIBV4L_TRUE=''
WITH_V4LUTILS_FALSE='#'
WITH_V4LUTILS_TRUE=''
WITH_V4L_PLUGINS_FALSE=''
WITH_V4L_PLUGINS_TRUE='#'
WITH_V4L_WRAPPERS_FALSE=''
WITH_V4L_WRAPPERS_TRUE='#'
X11_CFLAGS=''
X11_LIBS='-lX11'
XGETTEXT='/usr/bin/xgettext'
XGETTEXT_015='/usr/bin/xgettext'
XGETTEXT_EXTRA_OPTIONS=''
ac_ct_AR='ar'
ac_ct_CC='gcc'
ac_ct_CXX='g++'
ac_ct_DUMPBIN=''
am__EXEEXT_FALSE=''
am__EXEEXT_TRUE='#'
am__fastdepCC_FALSE='#'
am__fastdepCC_TRUE=''
am__fastdepCXX_FALSE='#'
am__fastdepCXX_TRUE=''
am__include='include'
am__isrc=''
am__leading_dot='.'
am__nodep='_no'
am__quote=''
am__tar='$${TAR-tar} chof - "$$tardir"'
am__untar='$${TAR-tar} xf -'
ax_pthread_config=''
bindir='${exec_prefix}/bin'
build='x86_64-pc-linux-gnu'
build_alias=''
build_cpu='x86_64'
build_os='linux-gnu'
build_vendor='pc'
datadir='${datarootdir}'
datarootdir='${prefix}/share'
docdir='${datarootdir}/doc/${PACKAGE_TARNAME}'
dvidir='${docdir}'
exec_prefix='${prefix}'
gconvsysdir=''
host='x86_64-pc-linux-gnu'
host_alias=''
host_cpu='x86_64'
host_os='linux-gnu'
host_vendor='pc'
htmldir='${docdir}'
includedir='${prefix}/include'
infodir='${datarootdir}/info'
install_sh='${SHELL} /home/paul/project/ezCam_dependency/pkg/v4l2/v4l-utils-1.12.2/build-aux/install-sh'
keytablesystemdir='/lib/udev/rc_keymaps'
keytableuserdir='${prefix}/etc/rc_keymaps'
libdir='${exec_prefix}/lib'
libexecdir='${exec_prefix}/libexec'
libudev_CFLAGS=''
libudev_LIBS='-ludev'
libv4l1privdir='${exec_prefix}/lib/libv4l'
libv4l1subdir='libv4l'
libv4l2plugindir='${exec_prefix}/lib/libv4l/plugins'
libv4l2privdir='${exec_prefix}/lib/libv4l'
libv4l2subdir='libv4l'
libv4lconvertprivdir='${exec_prefix}/lib/libv4l'
localedir='$(datadir)/locale'
localstatedir='${prefix}/var'
mandir='${datarootdir}/man'
mkdir_p='$(MKDIR_P)'
oldincludedir='/usr/include'
pdfdir='${docdir}'
pkgconfigdir='${exec_prefix}/lib/pkgconfig'
prefix='/home/paul/project/ezCam_dependency/pkg/v4l2/release'
program_transform_name='s,x,x,'
psdir='${docdir}'
runstatedir='${localstatedir}/run'
sbindir='${exec_prefix}/sbin'
sharedstatedir='${prefix}/com'
sysconfdir='${prefix}/etc'
target_alias=''
udevrulesdir='/lib/udev/rules.d'

## ----------- ##
## confdefs.h. ##
## ----------- ##

/* confdefs.h */
#define PACKAGE_NAME "v4l-utils"
#define PACKAGE_TARNAME "v4l-utils"
#define PACKAGE_VERSION "1.12.2"
#define PACKAGE_STRING "v4l-utils 1.12.2"
#define PACKAGE_BUGREPORT ""
#define PACKAGE_URL ""
#define STDC_HEADERS 1
#define HAVE_SYS_TYPES_H 1
#define HAVE_SYS_STAT_H 1
#define HAVE_STDLIB_H 1
#define HAVE_STRING_H 1
#define HAVE_MEMORY_H 1
#define HAVE_STRINGS_H 1
#define HAVE_INTTYPES_H 1
#define HAVE_STDINT_H 1
#define HAVE_UNISTD_H 1
#define __EXTENSIONS__ 1
#define _ALL_SOURCE 1
#define _GNU_SOURCE 1
#define _POSIX_PTHREAD_SEMANTICS 1
#define _TANDEM_SOURCE 1
#define PACKAGE "v4l-utils"
#define VERSION "1.12.2"
#define HAVE_DLFCN_H 1
#define LT_OBJDIR ".libs/"
#define ENABLE_NLS 1
#define HAVE_GETTEXT 1
#define HAVE_DCGETTEXT 1
#define LIBDVBV5_DOMAIN "libdvbv5"
#define LOCALEDIR "/home/paul/project/ezCam_dependency/pkg/v4l2/release/share/locale"
#define PROMOTED_MODE_T mode_t
#define HAVE_VISIBILITY 1
#define HAVE_SYS_KLOG_H 1
#define HAVE_KLOGCTL 1
#define HAVE_SECURE_GETENV 1
#define HAVE_JPEG 1
#define HAVE_ALSA 1
#define HAVE_LIBUDEV /**/
#define HAVE_ICONV 1
#define ICONV_CONST 
#define V4L_UTILS_VERSION "1.12.2"
#define LIBV4L1_PRIV_DIR "/home/paul/project/ezCam_dependency/pkg/v4l2/release/lib/libv4l"
#define LIBV4L2_PRIV_DIR "/home/paul/project/ezCam_dependency/pkg/v4l2/release/lib/libv4l"
#define LIBV4L2_PLUGIN_DIR "/home/paul/project/ezCam_dependency/pkg/v4l2/release/lib/libv4l/plugins"
#define LIBV4LCONVERT_PRIV_DIR "/home/paul/project/ezCam_dependency/pkg/v4l2/release/lib/libv4l"
#define IR_KEYTABLE_SYSTEM_DIR "/lib/udev/rc_keymaps"
#define IR_KEYTABLE_USER_DIR "/home/paul/project/ezCam_dependency/pkg/v4l2/release/etc/rc_keymaps"
#define HAVE_BACKTRACE 1

configure: exit 0
