This file contains any messages produced by compilers while
running configure, to aid debugging if configure makes a mistake.

It was created by ortp configure 0.27.0, which was
generated by GNU Autoconf 2.69.  Invocation command line was

  $ ./configure 

## --------- ##
## Platform. ##
## --------- ##

hostname = ubuntu64
uname -m = x86_64
uname -r = 4.10.0-33-generic
uname -s = Linux
uname -v = #37~16.04.1-Ubuntu SMP Fri Aug 11 14:07:24 UTC 2017

/usr/bin/uname -p = unknown
/bin/uname -X     = unknown

/bin/arch              = unknown
/usr/bin/arch -k       = unknown
/usr/convex/getsysinfo = unknown
/usr/bin/hostinfo      = unknown
/bin/machine           = unknown
/usr/bin/oslevel       = unknown
/bin/universe          = unknown

PATH: /home/paul/bin
PATH: /home/paul/.local/bin
PATH: /usr/local/sbin
PATH: /usr/local/bin
PATH: /usr/sbin
PATH: /usr/bin
PATH: /sbin
PATH: /bin
PATH: /usr/games
PATH: /usr/local/games
PATH: /snap/bin


## ----------- ##
## Core tests. ##
## ----------- ##

configure:2314: checking build system type
configure:2328: result: x86_64-unknown-linux-gnu
configure:2348: checking host system type
configure:2361: result: x86_64-unknown-linux-gnu
configure:2381: checking target system type
configure:2394: result: x86_64-unknown-linux-gnu
configure:2468: checking for a BSD-compatible install
configure:2536: result: /usr/bin/install -c
configure:2547: checking whether build environment is sane
configure:2602: result: yes
configure:2753: checking for a thread-safe mkdir -p
configure:2792: result: /bin/mkdir -p
configure:2799: checking for gawk
configure:2829: result: no
configure:2799: checking for mawk
configure:2815: found /usr/bin/mawk
configure:2826: result: mawk
configure:2837: checking whether make sets $(MAKE)
configure:2859: result: yes
configure:2888: checking whether make supports nested variables
configure:2905: result: yes
configure:2994: checking whether UID '1000' is supported by ustar format
configure:2997: result: yes
configure:3004: checking whether GID '1000' is supported by ustar format
configure:3007: result: yes
configure:3015: checking how to create a ustar tar archive
configure:3026: tar --version
tar (GNU tar) 1.28
Copyright (C) 2014 Free Software Foundation, Inc.
License GPLv3+: GNU GPL version 3 or later <http://gnu.org/licenses/gpl.html>.
This is free software: you are free to change and redistribute it.
There is NO WARRANTY, to the extent permitted by law.

Written by John Gilmore and Jay Fenlason.
configure:3029: $? = 0
configure:3069: tardir=conftest.dir && eval tar --format=ustar -chf - "$tardir" >conftest.tar
configure:3072: $? = 0
configure:3076: tar -xf - <conftest.tar
configure:3079: $? = 0
configure:3081: cat conftest.dir/file
GrepMe
configure:3084: $? = 0
configure:3097: result: gnutar
configure:3158: checking whether make supports nested variables
configure:3175: result: yes
configure:3260: checking for gcc
configure:3276: found /usr/bin/gcc
configure:3287: result: gcc
configure:3516: checking for C compiler version
configure:3525: gcc --version >&5
gcc (Ubuntu 5.4.0-6ubuntu1~16.04.4) 5.4.0 20160609
Copyright (C) 2015 Free Software Foundation, Inc.
This is free software; see the source for copying conditions.  There is NO
warranty; not even for MERCHANTABILITY or FITNESS FOR A PARTICULAR PURPOSE.

configure:3536: $? = 0
configure:3525: gcc -v >&5
Using built-in specs.
COLLECT_GCC=gcc
COLLECT_LTO_WRAPPER=/usr/lib/gcc/x86_64-linux-gnu/5/lto-wrapper
Target: x86_64-linux-gnu
Configured with: ../src/configure -v --with-pkgversion='Ubuntu 5.4.0-6ubuntu1~16.04.4' --with-bugurl=file:///usr/share/doc/gcc-5/README.Bugs --enable-languages=c,ada,c++,java,go,d,fortran,objc,obj-c++ --prefix=/usr --program-suffix=-5 --enable-shared --enable-linker-build-id --libexecdir=/usr/lib --without-included-gettext --enable-threads=posix --libdir=/usr/lib --enable-nls --with-sysroot=/ --enable-clocale=gnu --enable-libstdcxx-debug --enable-libstdcxx-time=yes --with-default-libstdcxx-abi=new --enable-gnu-unique-object --disable-vtable-verify --enable-libmpx --enable-plugin --with-system-zlib --disable-browser-plugin --enable-java-awt=gtk --enable-gtk-cairo --with-java-home=/usr/lib/jvm/java-1.5.0-gcj-5-amd64/jre --enable-java-home --with-jvm-root-dir=/usr/lib/jvm/java-1.5.0-gcj-5-amd64 --with-jvm-jar-dir=/usr/lib/jvm-exports/java-1.5.0-gcj-5-amd64 --with-arch-directory=amd64 --with-ecj-jar=/usr/share/java/eclipse-ecj.jar --enable-objc-gc --enable-multiarch --disable-werror --with-arch-32=i686 --with-abi=m64 --with-multilib-list=m32,m64,mx32 --enable-multilib --with-tune=generic --enable-checking=release --build=x86_64-linux-gnu --host=x86_64-linux-gnu --target=x86_64-linux-gnu
Thread model: posix
gcc version 5.4.0 20160609 (Ubuntu 5.4.0-6ubuntu1~16.04.4) 
configure:3536: $? = 0
configure:3525: gcc -V >&5
gcc: error: unrecognized command line option '-V'
gcc: fatal error: no input files
compilation terminated.
configure:3536: $? = 1
configure:3525: gcc -qversion >&5
gcc: error: unrecognized command line option '-qversion'
gcc: fatal error: no input files
compilation terminated.
configure:3536: $? = 1
configure:3556: checking whether the C compiler works
configure:3578: gcc    conftest.c  >&5
configure:3582: $? = 0
configure:3630: result: yes
configure:3633: checking for C compiler default output file name
configure:3635: result: a.out
configure:3641: checking for suffix of executables
configure:3648: gcc -o conftest    conftest.c  >&5
configure:3652: $? = 0
configure:3674: result: 
configure:3696: checking whether we are cross compiling
configure:3704: gcc -o conftest    conftest.c  >&5
configure:3708: $? = 0
configure:3715: ./conftest
configure:3719: $? = 0
configure:3734: result: no
configure:3739: checking for suffix of object files
configure:3761: gcc -c   conftest.c >&5
configure:3765: $? = 0
configure:3786: result: o
configure:3790: checking whether we are using the GNU C compiler
configure:3809: gcc -c   conftest.c >&5
configure:3809: $? = 0
configure:3818: result: yes
configure:3827: checking whether gcc accepts -g
configure:3847: gcc -c -g  conftest.c >&5
configure:3847: $? = 0
configure:3888: result: yes
configure:3905: checking for gcc option to accept ISO C89
configure:3968: gcc  -c -g -O2  conftest.c >&5
configure:3968: $? = 0
configure:3981: result: none needed
configure:4006: checking whether gcc understands -c and -o together
configure:4028: gcc -c conftest.c -o conftest2.o
configure:4031: $? = 0
configure:4028: gcc -c conftest.c -o conftest2.o
configure:4031: $? = 0
configure:4043: result: yes
configure:4071: checking for style of include used by make
configure:4099: result: GNU
configure:4125: checking dependency style of gcc
configure:4236: result: gcc3
configure:4297: checking how to print strings
configure:4324: result: printf
configure:4345: checking for a sed that does not truncate output
configure:4409: result: /bin/sed
configure:4427: checking for grep that handles long lines and -e
configure:4485: result: /bin/grep
configure:4490: checking for egrep
configure:4552: result: /bin/grep -E
configure:4557: checking for fgrep
configure:4619: result: /bin/grep -F
configure:4654: checking for ld used by gcc
configure:4721: result: /usr/bin/ld
configure:4728: checking if the linker (/usr/bin/ld) is GNU ld
configure:4743: result: yes
configure:4755: checking for BSD- or MS-compatible name lister (nm)
configure:4804: result: /usr/bin/nm -B
configure:4934: checking the name lister (/usr/bin/nm -B) interface
configure:4941: gcc -c -g -O2  conftest.c >&5
configure:4944: /usr/bin/nm -B "conftest.o"
configure:4947: output
0000000000000000 B some_variable
configure:4954: result: BSD nm
configure:4957: checking whether ln -s works
configure:4961: result: yes
configure:4969: checking the maximum length of command line arguments
configure:5100: result: 1572864
configure:5117: checking whether the shell understands some XSI constructs
configure:5127: result: yes
configure:5131: checking whether the shell understands "+="
configure:5137: result: yes
configure:5172: checking how to convert x86_64-unknown-linux-gnu file names to x86_64-unknown-linux-gnu format
configure:5212: result: func_convert_file_noop
configure:5219: checking how to convert x86_64-unknown-linux-gnu file names to toolchain format
configure:5239: result: func_convert_file_noop
configure:5246: checking for /usr/bin/ld option to reload object files
configure:5253: result: -r
configure:5327: checking for objdump
configure:5343: found /usr/bin/objdump
configure:5354: result: objdump
configure:5383: checking how to recognize dependent libraries
configure:5581: result: pass_all
configure:5666: checking for dlltool
configure:5696: result: no
configure:5723: checking how to associate runtime and link libraries
configure:5750: result: printf %s\n
configure:5811: checking for ar
configure:5827: found /usr/bin/ar
configure:5838: result: ar
configure:5875: checking for archiver @FILE support
configure:5892: gcc -c -g -O2  conftest.c >&5
configure:5892: $? = 0
configure:5895: ar cru libconftest.a @conftest.lst >&5
ar: `u' modifier ignored since `D' is the default (see `U')
configure:5898: $? = 0
configure:5903: ar cru libconftest.a @conftest.lst >&5
ar: `u' modifier ignored since `D' is the default (see `U')
ar: conftest.o: No such file or directory
configure:5906: $? = 1
configure:5918: result: @
configure:5976: checking for strip
configure:5992: found /usr/bin/strip
configure:6003: result: strip
configure:6075: checking for ranlib
configure:6091: found /usr/bin/ranlib
configure:6102: result: ranlib
configure:6204: checking command to parse /usr/bin/nm -B output from gcc object
configure:6324: gcc -c -g -O2  conftest.c >&5
configure:6327: $? = 0
configure:6331: /usr/bin/nm -B conftest.o \| sed -n -e 's/^.*[ ]\([ABCDGIRSTW][ABCDGIRSTW]*\)[ ][ ]*\([_A-Za-z][_A-Za-z0-9]*\)$/\1 \2 \2/p' | sed '/ __gnu_lto/d' \> conftest.nm
configure:6334: $? = 0
configure:6400: gcc -o conftest -g -O2   conftest.c conftstm.o >&5
configure:6403: $? = 0
configure:6441: result: ok
configure:6478: checking for sysroot
configure:6508: result: no
configure:6585: gcc -c -g -O2  conftest.c >&5
configure:6588: $? = 0
configure:6777: checking for mt
configure:6793: found /bin/mt
configure:6804: result: mt
configure:6827: checking if mt is a manifest tool
configure:6833: mt '-?'
configure:6841: result: no
configure:7483: checking how to run the C preprocessor
configure:7514: gcc -E  conftest.c
configure:7514: $? = 0
configure:7528: gcc -E  conftest.c
conftest.c:15:28: fatal error: ac_nonexistent.h: No such file or directory
compilation terminated.
configure:7528: $? = 1
configure: failed program was:
| /* confdefs.h */
| #define PACKAGE_NAME "ortp"
| #define PACKAGE_TARNAME "ortp"
| #define PACKAGE_VERSION "0.27.0"
| #define PACKAGE_STRING "ortp 0.27.0"
| #define PACKAGE_BUGREPORT ""
| #define PACKAGE_URL ""
| #define PACKAGE "ortp"
| #define VERSION "0.27.0"
| #define ORTP_MAJOR_VERSION 0
| #define ORTP_MINOR_VERSION 27
| #define ORTP_MICRO_VERSION 0
| #define ORTP_VERSION "0.27.0"
| /* end confdefs.h.  */
| #include <ac_nonexistent.h>
configure:7553: result: gcc -E
configure:7573: gcc -E  conftest.c
configure:7573: $? = 0
configure:7587: gcc -E  conftest.c
conftest.c:15:28: fatal error: ac_nonexistent.h: No such file or directory
compilation terminated.
configure:7587: $? = 1
configure: failed program was:
| /* confdefs.h */
| #define PACKAGE_NAME "ortp"
| #define PACKAGE_TARNAME "ortp"
| #define PACKAGE_VERSION "0.27.0"
| #define PACKAGE_STRING "ortp 0.27.0"
| #define PACKAGE_BUGREPORT ""
| #define PACKAGE_URL ""
| #define PACKAGE "ortp"
| #define VERSION "0.27.0"
| #define ORTP_MAJOR_VERSION 0
| #define ORTP_MINOR_VERSION 27
| #define ORTP_MICRO_VERSION 0
| #define ORTP_VERSION "0.27.0"
| /* end confdefs.h.  */
| #include <ac_nonexistent.h>
configure:7616: checking for ANSI C header files
configure:7636: gcc -c -g -O2  conftest.c >&5
configure:7636: $? = 0
configure:7709: gcc -o conftest -g -O2   conftest.c  >&5
configure:7709: $? = 0
configure:7709: ./conftest
configure:7709: $? = 0
configure:7720: result: yes
configure:7733: checking for sys/types.h
configure:7733: gcc -c -g -O2  conftest.c >&5
configure:7733: $? = 0
configure:7733: result: yes
configure:7733: checking for sys/stat.h
configure:7733: gcc -c -g -O2  conftest.c >&5
configure:7733: $? = 0
configure:7733: result: yes
configure:7733: checking for stdlib.h
configure:7733: gcc -c -g -O2  conftest.c >&5
configure:7733: $? = 0
configure:7733: result: yes
configure:7733: checking for string.h
configure:7733: gcc -c -g -O2  conftest.c >&5
configure:7733: $? = 0
configure:7733: result: yes
configure:7733: checking for memory.h
configure:7733: gcc -c -g -O2  conftest.c >&5
configure:7733: $? = 0
configure:7733: result: yes
configure:7733: checking for strings.h
configure:7733: gcc -c -g -O2  conftest.c >&5
configure:7733: $? = 0
configure:7733: result: yes
configure:7733: checking for inttypes.h
configure:7733: gcc -c -g -O2  conftest.c >&5
configure:7733: $? = 0
configure:7733: result: yes
configure:7733: checking for stdint.h
configure:7733: gcc -c -g -O2  conftest.c >&5
configure:7733: $? = 0
configure:7733: result: yes
configure:7733: checking for unistd.h
configure:7733: gcc -c -g -O2  conftest.c >&5
configure:7733: $? = 0
configure:7733: result: yes
configure:7747: checking for dlfcn.h
configure:7747: gcc -c -g -O2  conftest.c >&5
configure:7747: $? = 0
configure:7747: result: yes
configure:8249: checking for objdir
configure:8264: result: .libs
configure:8535: checking if gcc supports -fno-rtti -fno-exceptions
configure:8553: gcc -c -g -O2  -fno-rtti -fno-exceptions conftest.c >&5
cc1: warning: command line option '-fno-rtti' is valid for C++/ObjC++ but not for C
configure:8557: $? = 0
configure:8570: result: no
configure:8897: checking for gcc option to produce PIC
configure:8904: result: -fPIC -DPIC
configure:8912: checking if gcc PIC flag -fPIC -DPIC works
configure:8930: gcc -c -g -O2  -fPIC -DPIC -DPIC conftest.c >&5
configure:8934: $? = 0
configure:8947: result: yes
configure:8976: checking if gcc static flag -static works
configure:9004: result: yes
configure:9019: checking if gcc supports -c -o file.o
configure:9040: gcc -c -g -O2  -o out/conftest2.o conftest.c >&5
configure:9044: $? = 0
configure:9066: result: yes
configure:9074: checking if gcc supports -c -o file.o
configure:9121: result: yes
configure:9154: checking whether the gcc linker (/usr/bin/ld -m elf_x86_64) supports shared libraries
configure:10311: result: yes
configure:10348: checking whether -lc should be explicitly linked in
configure:10356: gcc -c -g -O2  conftest.c >&5
configure:10359: $? = 0
configure:10374: gcc -shared  -fPIC -DPIC conftest.o  -v -Wl,-soname -Wl,conftest -o conftest 2\>\&1 \| /bin/grep  -lc  \>/dev/null 2\>\&1
configure:10377: $? = 0
configure:10391: result: no
configure:10551: checking dynamic linker characteristics
configure:11051: gcc -o conftest -g -O2   -Wl,-rpath -Wl,/foo conftest.c  >&5
configure:11051: $? = 0
configure:11285: result: GNU/Linux ld.so
configure:11392: checking how to hardcode library paths into programs
configure:11417: result: immediate
configure:11957: checking whether stripping libraries is possible
configure:11962: result: yes
configure:11997: checking if libtool supports shared libraries
configure:11999: result: yes
configure:12002: checking whether to build shared libraries
configure:12023: result: yes
configure:12026: checking whether to build static libraries
configure:12030: result: no
configure:12069: checking if gcc/ld supports -Wl,--output-def
configure:12090: gcc -o conftest -g -O2  -Wl,--output-def,conftest.def conftest.c  >&5
/usr/bin/ld: unrecognized option '--output-def'
/usr/bin/ld: use the --help option for usage information
collect2: error: ld returned 1 exit status
configure:12090: $? = 1
configure: failed program was:
| /* confdefs.h */
| #define PACKAGE_NAME "ortp"
| #define PACKAGE_TARNAME "ortp"
| #define PACKAGE_VERSION "0.27.0"
| #define PACKAGE_STRING "ortp 0.27.0"
| #define PACKAGE_BUGREPORT ""
| #define PACKAGE_URL ""
| #define PACKAGE "ortp"
| #define VERSION "0.27.0"
| #define ORTP_MAJOR_VERSION 0
| #define ORTP_MINOR_VERSION 27
| #define ORTP_MICRO_VERSION 0
| #define ORTP_VERSION "0.27.0"
| #define STDC_HEADERS 1
| #define HAVE_SYS_TYPES_H 1
| #define HAVE_SYS_STAT_H 1
| #define HAVE_STDLIB_H 1
| #define HAVE_STRING_H 1
| #define HAVE_MEMORY_H 1
| #define HAVE_STRINGS_H 1
| #define HAVE_INTTYPES_H 1
| #define HAVE_STDINT_H 1
| #define HAVE_UNISTD_H 1
| #define HAVE_DLFCN_H 1
| #define LT_OBJDIR ".libs/"
| /* end confdefs.h.  */
| 
| int
| main ()
| {
| 
|   ;
|   return 0;
| }
configure:12101: result: no
configure:12113: checking warning make an error on compilation
configure:12271: checking for seteuid
configure:12271: gcc -o conftest -g -O2 -fno-strict-aliasing -Wall   conftest.c  >&5
configure:12271: $? = 0
configure:12271: result: yes
configure:12283: checking for arc4random
configure:12283: gcc -o conftest -g -O2 -fno-strict-aliasing -Wall   conftest.c  >&5
/tmp/ccUFKgrf.o: In function `main':
/home/paul/project/vcsdk/pkg/ortp/ortp-0.27.0/conftest.c:63: undefined reference to `arc4random'
collect2: error: ld returned 1 exit status
configure:12283: $? = 1
configure: failed program was:
| /* confdefs.h */
| #define PACKAGE_NAME "ortp"
| #define PACKAGE_TARNAME "ortp"
| #define PACKAGE_VERSION "0.27.0"
| #define PACKAGE_STRING "ortp 0.27.0"
| #define PACKAGE_BUGREPORT ""
| #define PACKAGE_URL ""
| #define PACKAGE "ortp"
| #define VERSION "0.27.0"
| #define ORTP_MAJOR_VERSION 0
| #define ORTP_MINOR_VERSION 27
| #define ORTP_MICRO_VERSION 0
| #define ORTP_VERSION "0.27.0"
| #define STDC_HEADERS 1
| #define HAVE_SYS_TYPES_H 1
| #define HAVE_SYS_STAT_H 1
| #define HAVE_STDLIB_H 1
| #define HAVE_STRING_H 1
| #define HAVE_MEMORY_H 1
| #define HAVE_STRINGS_H 1
| #define HAVE_INTTYPES_H 1
| #define HAVE_STDINT_H 1
| #define HAVE_UNISTD_H 1
| #define HAVE_DLFCN_H 1
| #define LT_OBJDIR ".libs/"
| #define __APPLE_USE_RFC_3542 1
| #define HAVE_SETEUID 1
| /* end confdefs.h.  */
| /* Define arc4random to an innocuous variant, in case <limits.h> declares arc4random.
|    For example, HP-UX 11i <limits.h> declares gettimeofday.  */
| #define arc4random innocuous_arc4random
| 
| /* System header to define __stub macros and hopefully few prototypes,
|     which can conflict with char arc4random (); below.
|     Prefer <limits.h> to <assert.h> if __STDC__ is defined, since
|     <limits.h> exists even on freestanding compilers.  */
| 
| #ifdef __STDC__
| # include <limits.h>
| #else
| # include <assert.h>
| #endif
| 
| #undef arc4random
| 
| /* Override any GCC internal prototype to avoid an error.
|    Use char because int might match the return type of a GCC
|    builtin and then its argument prototype would still apply.  */
| #ifdef __cplusplus
| extern "C"
| #endif
| char arc4random ();
| /* The GNU C library defines this for functions which it implements
|     to always fail with ENOSYS.  Some functions are actually named
|     something starting with __ and the normal name is an alias.  */
| #if defined __stub_arc4random || defined __stub___arc4random
| choke me
| #endif
| 
| int
| main ()
| {
| return arc4random ();
|   ;
|   return 0;
| }
configure:12283: result: no
configure:12294: checking for pthread_mutex_init in -lpthread
configure:12319: gcc -o conftest -g -O2 -fno-strict-aliasing -Wall   conftest.c -lpthread   >&5
configure:12319: $? = 0
configure:12328: result: yes
configure:12361: checking for clock_gettime in -lrt
configure:12386: gcc -o conftest -g -O2 -fno-strict-aliasing -Wall   conftest.c -lrt   >&5
configure:12386: $? = 0
configure:12395: result: yes
configure:12438: checking for ANSI C header files
configure:12542: result: yes
configure:12553: checking poll.h usability
configure:12553: gcc -c -g -O2 -fno-strict-aliasing -Wall  conftest.c >&5
configure:12553: $? = 0
configure:12553: result: yes
configure:12553: checking poll.h presence
configure:12553: gcc -E  conftest.c
configure:12553: $? = 0
configure:12553: result: yes
configure:12553: checking for poll.h
configure:12553: result: yes
configure:12553: checking sys/poll.h usability
configure:12553: gcc -c -g -O2 -fno-strict-aliasing -Wall  conftest.c >&5
configure:12553: $? = 0
configure:12553: result: yes
configure:12553: checking sys/poll.h presence
configure:12553: gcc -E  conftest.c
configure:12553: $? = 0
configure:12553: result: yes
configure:12553: checking for sys/poll.h
configure:12553: result: yes
configure:12553: checking sys/uio.h usability
configure:12553: gcc -c -g -O2 -fno-strict-aliasing -Wall  conftest.c >&5
configure:12553: $? = 0
configure:12553: result: yes
configure:12553: checking sys/uio.h presence
configure:12553: gcc -E  conftest.c
configure:12553: $? = 0
configure:12553: result: yes
configure:12553: checking for sys/uio.h
configure:12553: result: yes
configure:12553: checking fcntl.h usability
configure:12553: gcc -c -g -O2 -fno-strict-aliasing -Wall  conftest.c >&5
configure:12553: $? = 0
configure:12553: result: yes
configure:12553: checking fcntl.h presence
configure:12553: gcc -E  conftest.c
configure:12553: $? = 0
configure:12553: result: yes
configure:12553: checking for fcntl.h
configure:12553: result: yes
configure:12553: checking sys/time.h usability
configure:12553: gcc -c -g -O2 -fno-strict-aliasing -Wall  conftest.c >&5
configure:12553: $? = 0
configure:12553: result: yes
configure:12553: checking sys/time.h presence
configure:12553: gcc -E  conftest.c
configure:12553: $? = 0
configure:12553: result: yes
configure:12553: checking for sys/time.h
configure:12553: result: yes
configure:12553: checking for unistd.h
configure:12553: result: yes
configure:12553: checking sys/audio.h usability
configure:12553: gcc -c -g -O2 -fno-strict-aliasing -Wall  conftest.c >&5
conftest.c:70:23: fatal error: sys/audio.h: No such file or directory
compilation terminated.
configure:12553: $? = 1
configure: failed program was:
| /* confdefs.h */
| #define PACKAGE_NAME "ortp"
| #define PACKAGE_TARNAME "ortp"
| #define PACKAGE_VERSION "0.27.0"
| #define PACKAGE_STRING "ortp 0.27.0"
| #define PACKAGE_BUGREPORT ""
| #define PACKAGE_URL ""
| #define PACKAGE "ortp"
| #define VERSION "0.27.0"
| #define ORTP_MAJOR_VERSION 0
| #define ORTP_MINOR_VERSION 27
| #define ORTP_MICRO_VERSION 0
| #define ORTP_VERSION "0.27.0"
| #define STDC_HEADERS 1
| #define HAVE_SYS_TYPES_H 1
| #define HAVE_SYS_STAT_H 1
| #define HAVE_STDLIB_H 1
| #define HAVE_STRING_H 1
| #define HAVE_MEMORY_H 1
| #define HAVE_STRINGS_H 1
| #define HAVE_INTTYPES_H 1
| #define HAVE_STDINT_H 1
| #define HAVE_UNISTD_H 1
| #define HAVE_DLFCN_H 1
| #define LT_OBJDIR ".libs/"
| #define __APPLE_USE_RFC_3542 1
| #define HAVE_SETEUID 1
| #define ORTP_DEFAULT_THREAD_STACK_SIZE 0
| #define STDC_HEADERS 1
| #define HAVE_POLL_H 1
| #define HAVE_SYS_POLL_H 1
| #define HAVE_SYS_UIO_H 1
| #define HAVE_FCNTL_H 1
| #define HAVE_SYS_TIME_H 1
| #define HAVE_UNISTD_H 1
| /* end confdefs.h.  */
| #include <stdio.h>
| #ifdef HAVE_SYS_TYPES_H
| # include <sys/types.h>
| #endif
| #ifdef HAVE_SYS_STAT_H
| # include <sys/stat.h>
| #endif
| #ifdef STDC_HEADERS
| # include <stdlib.h>
| # include <stddef.h>
| #else
| # ifdef HAVE_STDLIB_H
| #  include <stdlib.h>
| # endif
| #endif
| #ifdef HAVE_STRING_H
| # if !defined STDC_HEADERS && defined HAVE_MEMORY_H
| #  include <memory.h>
| # endif
| # include <string.h>
| #endif
| #ifdef HAVE_STRINGS_H
| # include <strings.h>
| #endif
| #ifdef HAVE_INTTYPES_H
| # include <inttypes.h>
| #endif
| #ifdef HAVE_STDINT_H
| # include <stdint.h>
| #endif
| #ifdef HAVE_UNISTD_H
| # include <unistd.h>
| #endif
| #include <sys/audio.h>
configure:12553: result: no
configure:12553: checking sys/audio.h presence
configure:12553: gcc -E  conftest.c
conftest.c:37:23: fatal error: sys/audio.h: No such file or directory
compilation terminated.
configure:12553: $? = 1
configure: failed program was:
| /* confdefs.h */
| #define PACKAGE_NAME "ortp"
| #define PACKAGE_TARNAME "ortp"
| #define PACKAGE_VERSION "0.27.0"
| #define PACKAGE_STRING "ortp 0.27.0"
| #define PACKAGE_BUGREPORT ""
| #define PACKAGE_URL ""
| #define PACKAGE "ortp"
| #define VERSION "0.27.0"
| #define ORTP_MAJOR_VERSION 0
| #define ORTP_MINOR_VERSION 27
| #define ORTP_MICRO_VERSION 0
| #define ORTP_VERSION "0.27.0"
| #define STDC_HEADERS 1
| #define HAVE_SYS_TYPES_H 1
| #define HAVE_SYS_STAT_H 1
| #define HAVE_STDLIB_H 1
| #define HAVE_STRING_H 1
| #define HAVE_MEMORY_H 1
| #define HAVE_STRINGS_H 1
| #define HAVE_INTTYPES_H 1
| #define HAVE_STDINT_H 1
| #define HAVE_UNISTD_H 1
| #define HAVE_DLFCN_H 1
| #define LT_OBJDIR ".libs/"
| #define __APPLE_USE_RFC_3542 1
| #define HAVE_SETEUID 1
| #define ORTP_DEFAULT_THREAD_STACK_SIZE 0
| #define STDC_HEADERS 1
| #define HAVE_POLL_H 1
| #define HAVE_SYS_POLL_H 1
| #define HAVE_SYS_UIO_H 1
| #define HAVE_FCNTL_H 1
| #define HAVE_SYS_TIME_H 1
| #define HAVE_UNISTD_H 1
| /* end confdefs.h.  */
| #include <sys/audio.h>
configure:12553: result: no
configure:12553: checking for sys/audio.h
configure:12553: result: no
configure:12553: checking linux/soundcard.h usability
configure:12553: gcc -c -g -O2 -fno-strict-aliasing -Wall  conftest.c >&5
configure:12553: $? = 0
configure:12553: result: yes
configure:12553: checking linux/soundcard.h presence
configure:12553: gcc -E  conftest.c
configure:12553: $? = 0
configure:12553: result: yes
configure:12553: checking for linux/soundcard.h
configure:12553: result: yes
configure:12553: checking sys/shm.h usability
configure:12553: gcc -c -g -O2 -fno-strict-aliasing -Wall  conftest.c >&5
configure:12553: $? = 0
configure:12553: result: yes
configure:12553: checking sys/shm.h presence
configure:12553: gcc -E  conftest.c
configure:12553: $? = 0
configure:12553: result: yes
configure:12553: checking for sys/shm.h
configure:12553: result: yes
configure:12564: checking for an ANSI C-conforming const
configure:12630: gcc -c -g -O2 -fno-strict-aliasing -Wall  conftest.c >&5
configure:12630: $? = 0
configure:12637: result: yes
configure:12645: checking for inline
configure:12661: gcc -c -g -O2 -fno-strict-aliasing -Wall  conftest.c >&5
configure:12661: $? = 0
configure:12669: result: inline
configure:12687: checking whether time.h and sys/time.h may both be included
configure:12707: gcc -c -g -O2 -fno-strict-aliasing -Wall  conftest.c >&5
configure:12707: $? = 0
configure:12714: result: yes
configure:12722: checking whether byte ordering is bigendian
configure:12737: gcc -c -g -O2 -fno-strict-aliasing -Wall  conftest.c >&5
conftest.c:41:9: error: unknown type name 'not'
         not a universal capable compiler
         ^
conftest.c:41:15: error: expected '=', ',', ';', 'asm' or '__attribute__' before 'universal'
         not a universal capable compiler
               ^
conftest.c:41:15: error: unknown type name 'universal'
configure:12737: $? = 1
configure: failed program was:
| /* confdefs.h */
| #define PACKAGE_NAME "ortp"
| #define PACKAGE_TARNAME "ortp"
| #define PACKAGE_VERSION "0.27.0"
| #define PACKAGE_STRING "ortp 0.27.0"
| #define PACKAGE_BUGREPORT ""
| #define PACKAGE_URL ""
| #define PACKAGE "ortp"
| #define VERSION "0.27.0"
| #define ORTP_MAJOR_VERSION 0
| #define ORTP_MINOR_VERSION 27
| #define ORTP_MICRO_VERSION 0
| #define ORTP_VERSION "0.27.0"
| #define STDC_HEADERS 1
| #define HAVE_SYS_TYPES_H 1
| #define HAVE_SYS_STAT_H 1
| #define HAVE_STDLIB_H 1
| #define HAVE_STRING_H 1
| #define HAVE_MEMORY_H 1
| #define HAVE_STRINGS_H 1
| #define HAVE_INTTYPES_H 1
| #define HAVE_STDINT_H 1
| #define HAVE_UNISTD_H 1
| #define HAVE_DLFCN_H 1
| #define LT_OBJDIR ".libs/"
| #define __APPLE_USE_RFC_3542 1
| #define HAVE_SETEUID 1
| #define ORTP_DEFAULT_THREAD_STACK_SIZE 0
| #define STDC_HEADERS 1
| #define HAVE_POLL_H 1
| #define HAVE_SYS_POLL_H 1
| #define HAVE_SYS_UIO_H 1
| #define HAVE_FCNTL_H 1
| #define HAVE_SYS_TIME_H 1
| #define HAVE_UNISTD_H 1
| #define HAVE_LINUX_SOUNDCARD_H 1
| #define HAVE_SYS_SHM_H 1
| #define TIME_WITH_SYS_TIME 1
| /* end confdefs.h.  */
| #ifndef __APPLE_CC__
| 	       not a universal capable compiler
| 	     #endif
| 	     typedef int dummy;
| 
configure:12782: gcc -c -g -O2 -fno-strict-aliasing -Wall  conftest.c >&5
configure:12782: $? = 0
configure:12800: gcc -c -g -O2 -fno-strict-aliasing -Wall  conftest.c >&5
conftest.c: In function 'main':
conftest.c:47:4: error: unknown type name 'not'
    not big endian
    ^
conftest.c:47:12: error: expected '=', ',', ';', 'asm' or '__attribute__' before 'endian'
    not big endian
            ^
configure:12800: $? = 1
configure: failed program was:
| /* confdefs.h */
| #define PACKAGE_NAME "ortp"
| #define PACKAGE_TARNAME "ortp"
| #define PACKAGE_VERSION "0.27.0"
| #define PACKAGE_STRING "ortp 0.27.0"
| #define PACKAGE_BUGREPORT ""
| #define PACKAGE_URL ""
| #define PACKAGE "ortp"
| #define VERSION "0.27.0"
| #define ORTP_MAJOR_VERSION 0
| #define ORTP_MINOR_VERSION 27
| #define ORTP_MICRO_VERSION 0
| #define ORTP_VERSION "0.27.0"
| #define STDC_HEADERS 1
| #define HAVE_SYS_TYPES_H 1
| #define HAVE_SYS_STAT_H 1
| #define HAVE_STDLIB_H 1
| #define HAVE_STRING_H 1
| #define HAVE_MEMORY_H 1
| #define HAVE_STRINGS_H 1
| #define HAVE_INTTYPES_H 1
| #define HAVE_STDINT_H 1
| #define HAVE_UNISTD_H 1
| #define HAVE_DLFCN_H 1
| #define LT_OBJDIR ".libs/"
| #define __APPLE_USE_RFC_3542 1
| #define HAVE_SETEUID 1
| #define ORTP_DEFAULT_THREAD_STACK_SIZE 0
| #define STDC_HEADERS 1
| #define HAVE_POLL_H 1
| #define HAVE_SYS_POLL_H 1
| #define HAVE_SYS_UIO_H 1
| #define HAVE_FCNTL_H 1
| #define HAVE_SYS_TIME_H 1
| #define HAVE_UNISTD_H 1
| #define HAVE_LINUX_SOUNDCARD_H 1
| #define HAVE_SYS_SHM_H 1
| #define TIME_WITH_SYS_TIME 1
| /* end confdefs.h.  */
| #include <sys/types.h>
| 		#include <sys/param.h>
| 
| int
| main ()
| {
| #if BYTE_ORDER != BIG_ENDIAN
| 		 not big endian
| 		#endif
| 
|   ;
|   return 0;
| }
configure:12928: result: no
configure:12953: checking for select
configure:12953: gcc -o conftest -g -O2 -fno-strict-aliasing -Wall   conftest.c  >&5
configure:12953: $? = 0
configure:12953: result: yes
configure:12953: checking for socket
configure:12953: gcc -o conftest -g -O2 -fno-strict-aliasing -Wall   conftest.c  >&5
configure:12953: $? = 0
configure:12953: result: yes
configure:12953: checking for strerror
configure:12953: gcc -o conftest -g -O2 -fno-strict-aliasing -Wall   conftest.c  >&5
configure:12953: $? = 0
configure:12953: result: yes
configure:13032: checking for pkg-config
configure:13050: found /usr/bin/pkg-config
configure:13062: result: /usr/bin/pkg-config
configure:13087: checking pkg-config is at least version 0.9.0
configure:13090: result: yes
configure:13100: checking for BCTOOLBOX
configure:13107: $PKG_CONFIG --exists --print-errors "bctoolbox"
Package bctoolbox was not found in the pkg-config search path.
Perhaps you should add the directory containing `bctoolbox.pc'
to the PKG_CONFIG_PATH environment variable
No package 'bctoolbox' found
configure:13110: $? = 1
configure:13124: $PKG_CONFIG --exists --print-errors "bctoolbox"
Package bctoolbox was not found in the pkg-config search path.
Perhaps you should add the directory containing `bctoolbox.pc'
to the PKG_CONFIG_PATH environment variable
No package 'bctoolbox' found
configure:13127: $? = 1
configure:13141: result: no
No package 'bctoolbox' found
configure:13170: error: "Could not find bctoolbox (required dependency)"

## ---------------- ##
## Cache variables. ##
## ---------------- ##

ac_cv_build=x86_64-unknown-linux-gnu
ac_cv_c_bigendian=no
ac_cv_c_compiler_gnu=yes
ac_cv_c_const=yes
ac_cv_c_inline=inline
ac_cv_env_BCTOOLBOX_CFLAGS_set=
ac_cv_env_BCTOOLBOX_CFLAGS_value=
ac_cv_env_BCTOOLBOX_LIBS_set=
ac_cv_env_BCTOOLBOX_LIBS_value=
ac_cv_env_CC_set=
ac_cv_env_CC_value=
ac_cv_env_CFLAGS_set=
ac_cv_env_CFLAGS_value=
ac_cv_env_CPPFLAGS_set=
ac_cv_env_CPPFLAGS_value=
ac_cv_env_CPP_set=
ac_cv_env_CPP_value=
ac_cv_env_LDFLAGS_set=
ac_cv_env_LDFLAGS_value=
ac_cv_env_LIBS_set=
ac_cv_env_LIBS_value=
ac_cv_env_PKG_CONFIG_LIBDIR_set=
ac_cv_env_PKG_CONFIG_LIBDIR_value=
ac_cv_env_PKG_CONFIG_PATH_set=
ac_cv_env_PKG_CONFIG_PATH_value=
ac_cv_env_PKG_CONFIG_set=
ac_cv_env_PKG_CONFIG_value=
ac_cv_env_build_alias_set=
ac_cv_env_build_alias_value=
ac_cv_env_host_alias_set=
ac_cv_env_host_alias_value=
ac_cv_env_target_alias_set=
ac_cv_env_target_alias_value=
ac_cv_func_arc4random=no
ac_cv_func_select=yes
ac_cv_func_seteuid=yes
ac_cv_func_socket=yes
ac_cv_func_strerror=yes
ac_cv_header_dlfcn_h=yes
ac_cv_header_fcntl_h=yes
ac_cv_header_inttypes_h=yes
ac_cv_header_linux_soundcard_h=yes
ac_cv_header_memory_h=yes
ac_cv_header_poll_h=yes
ac_cv_header_stdc=yes
ac_cv_header_stdint_h=yes
ac_cv_header_stdlib_h=yes
ac_cv_header_string_h=yes
ac_cv_header_strings_h=yes
ac_cv_header_sys_audio_h=no
ac_cv_header_sys_poll_h=yes
ac_cv_header_sys_shm_h=yes
ac_cv_header_sys_stat_h=yes
ac_cv_header_sys_time_h=yes
ac_cv_header_sys_types_h=yes
ac_cv_header_sys_uio_h=yes
ac_cv_header_time=yes
ac_cv_header_unistd_h=yes
ac_cv_host=x86_64-unknown-linux-gnu
ac_cv_lib_pthread_pthread_mutex_init=yes
ac_cv_lib_rt_clock_gettime=yes
ac_cv_objext=o
ac_cv_path_EGREP='/bin/grep -E'
ac_cv_path_FGREP='/bin/grep -F'
ac_cv_path_GREP=/bin/grep
ac_cv_path_SED=/bin/sed
ac_cv_path_ac_pt_PKG_CONFIG=/usr/bin/pkg-config
ac_cv_path_install='/usr/bin/install -c'
ac_cv_path_mkdir=/bin/mkdir
ac_cv_prog_AWK=mawk
ac_cv_prog_CPP='gcc -E'
ac_cv_prog_ac_ct_AR=ar
ac_cv_prog_ac_ct_CC=gcc
ac_cv_prog_ac_ct_MANIFEST_TOOL=mt
ac_cv_prog_ac_ct_OBJDUMP=objdump
ac_cv_prog_ac_ct_RANLIB=ranlib
ac_cv_prog_ac_ct_STRIP=strip
ac_cv_prog_cc_c89=
ac_cv_prog_cc_g=yes
ac_cv_prog_make_make_set=yes
ac_cv_target=x86_64-unknown-linux-gnu
am_cv_CC_dependencies_compiler_type=gcc3
am_cv_make_support_nested_variables=yes
am_cv_prog_cc_c_o=yes
am_cv_prog_tar_ustar=gnutar
gl_cv_ld_output_def=no
lt_cv_ar_at_file=@
lt_cv_archive_cmds_need_lc=no
lt_cv_deplibs_check_method=pass_all
lt_cv_file_magic_cmd='$MAGIC_CMD'
lt_cv_file_magic_test_file=
lt_cv_ld_reload_flag=-r
lt_cv_nm_interface='BSD nm'
lt_cv_objdir=.libs
lt_cv_path_LD=/usr/bin/ld
lt_cv_path_NM='/usr/bin/nm -B'
lt_cv_path_mainfest_tool=no
lt_cv_prog_compiler_c_o=yes
lt_cv_prog_compiler_pic='-fPIC -DPIC'
lt_cv_prog_compiler_pic_works=yes
lt_cv_prog_compiler_rtti_exceptions=no
lt_cv_prog_compiler_static_works=yes
lt_cv_prog_gnu_ld=yes
lt_cv_sharedlib_from_linklib_cmd='printf %s\n'
lt_cv_shlibpath_overrides_runpath=no
lt_cv_sys_global_symbol_pipe='sed -n -e '\''s/^.*[	 ]\([ABCDGIRSTW][ABCDGIRSTW]*\)[	 ][	 ]*\([_A-Za-z][_A-Za-z0-9]*\)$/\1 \2 \2/p'\'' | sed '\''/ __gnu_lto/d'\'''
lt_cv_sys_global_symbol_to_c_name_address='sed -n -e '\''s/^: \([^ ]*\)[ ]*$/  {\"\1\", (void *) 0},/p'\'' -e '\''s/^[ABCDGIRSTW]* \([^ ]*\) \([^ ]*\)$/  {"\2", (void *) \&\2},/p'\'''
lt_cv_sys_global_symbol_to_c_name_address_lib_prefix='sed -n -e '\''s/^: \([^ ]*\)[ ]*$/  {\"\1\", (void *) 0},/p'\'' -e '\''s/^[ABCDGIRSTW]* \([^ ]*\) \(lib[^ ]*\)$/  {"\2", (void *) \&\2},/p'\'' -e '\''s/^[ABCDGIRSTW]* \([^ ]*\) \([^ ]*\)$/  {"lib\2", (void *) \&\2},/p'\'''
lt_cv_sys_global_symbol_to_cdecl='sed -n -e '\''s/^T .* \(.*\)$/extern int \1();/p'\'' -e '\''s/^[ABCDGIRSTW]* .* \(.*\)$/extern char \1;/p'\'''
lt_cv_sys_max_cmd_len=1572864
lt_cv_to_host_file_cmd=func_convert_file_noop
lt_cv_to_tool_file_cmd=func_convert_file_noop

## ----------------- ##
## Output variables. ##
## ----------------- ##

ACLOCAL='${SHELL} /home/paul/project/vcsdk/pkg/ortp/ortp-0.27.0/missing aclocal-1.14'
AMDEPBACKSLASH='\'
AMDEP_FALSE='#'
AMDEP_TRUE=''
AMTAR='$${TAR-tar}'
AM_BACKSLASH='\'
AM_DEFAULT_V='$(AM_DEFAULT_VERBOSITY)'
AM_DEFAULT_VERBOSITY='0'
AM_V='$(V)'
AR='ar'
ARCH=''
AS='as'
AUTOCONF='${SHELL} /home/paul/project/vcsdk/pkg/ortp/ortp-0.27.0/missing autoconf'
AUTOHEADER='${SHELL} /home/paul/project/vcsdk/pkg/ortp/ortp-0.27.0/missing autoheader'
AUTOMAKE='${SHELL} /home/paul/project/vcsdk/pkg/ortp/ortp-0.27.0/missing automake-1.14'
AWK='mawk'
BCTOOLBOX_CFLAGS=''
BCTOOLBOX_LIBS=''
BUILD_WIN32_FALSE=''
BUILD_WIN32_TRUE='#'
CC='gcc'
CCDEPMODE='depmode=gcc3'
CFLAGS='-g -O2 -fno-strict-aliasing -Wall'
CPP='gcc -E'
CPPFLAGS=''
CYGPATH_W='echo'
DEFS=''
DEPDIR='.deps'
DLLTOOL='false'
DOXYGEN=''
DSYMUTIL=''
DUMPBIN=''
ECHO_C=''
ECHO_N='-n'
ECHO_T=''
EGREP='/bin/grep -E'
ENABLE_TESTS_FALSE=''
ENABLE_TESTS_TRUE=''
EPM=''
EPMINSTALL=''
EPM_PKG_EXT=''
EXEEXT=''
FGREP='/bin/grep -F'
GREP='/bin/grep'
HAVE_DOXYGEN_FALSE=''
HAVE_DOXYGEN_TRUE=''
HAVE_LD_OUTPUT_DEF_FALSE=''
HAVE_LD_OUTPUT_DEF_TRUE='#'
INSTALL_DATA='${INSTALL} -m 644'
INSTALL_PROGRAM='${INSTALL}'
INSTALL_SCRIPT='${INSTALL}'
INSTALL_STRIP_PROGRAM='$(install_sh) -c -s'
LD='/usr/bin/ld -m elf_x86_64'
LDFLAGS=''
LIBOBJS=''
LIBORTP_SO_CURRENT='11'
LIBORTP_SO_VERSION='11:0:0'
LIBS=''
LIBTOOL='$(SHELL) $(top_builddir)/libtool'
LICENSE=''
LIPO=''
LN_S='ln -s'
LTLIBOBJS=''
MAKEINFO='${SHELL} /home/paul/project/vcsdk/pkg/ortp/ortp-0.27.0/missing makeinfo'
MANIFEST_TOOL=':'
MKDIR_P='/bin/mkdir -p'
MKEPMLIST=''
NM='/usr/bin/nm -B'
NMEDIT=''
OBJDUMP='objdump'
OBJEXT='o'
ORTPDEPS_CFLAGS=''
ORTPDEPS_LDFLAGS=''
ORTPDEPS_LIBS=''
ORTP_PKGCONFIG_VERSION='0.27.0'
ORTP_VERSION='0.27.0'
OTOOL64=''
OTOOL=''
PACKAGE='ortp'
PACKAGER=''
PACKAGE_BUGREPORT=''
PACKAGE_NAME='ortp'
PACKAGE_STRING='ortp 0.27.0'
PACKAGE_TARNAME='ortp'
PACKAGE_URL=''
PACKAGE_VERSION='0.27.0'
PATH_SEPARATOR=':'
PKG_CONFIG='/usr/bin/pkg-config'
PKG_CONFIG_LIBDIR=''
PKG_CONFIG_PATH=''
PTHREAD_CFLAGS='-D_REENTRANT'
PTHREAD_LDFLAGS=''
PTHREAD_LIBS='-lpthread'
RANLIB='ranlib'
RELEASE=''
RT_LIBS='-lrt'
SED='/bin/sed'
SET_MAKE=''
SHELL='/bin/bash'
STRICT_OPTIONS='-Wall -Wuninitialized -Werror -Wno-error=strict-prototypes'
STRICT_OPTIONS_CC='-Wdeclaration-after-statement -Wstrict-prototypes'
STRICT_OPTIONS_CXX=''
STRIP='strip'
SUMMARY=''
SYS_GROUP=''
SYS_USER=''
VENDOR=''
VERSION='0.27.0'
WITH_EPM_FALSE=''
WITH_EPM_TRUE=''
ac_ct_AR='ar'
ac_ct_CC='gcc'
ac_ct_DUMPBIN=''
am__EXEEXT_FALSE=''
am__EXEEXT_TRUE=''
am__fastdepCC_FALSE='#'
am__fastdepCC_TRUE=''
am__include='include'
am__isrc=''
am__leading_dot='.'
am__nodep='_no'
am__quote=''
am__tar='tar --format=ustar -chf - "$$tardir"'
am__untar='tar -xf -'
bindir='${exec_prefix}/bin'
build='x86_64-unknown-linux-gnu'
build_alias=''
build_cpu='x86_64'
build_os='linux-gnu'
build_vendor='unknown'
datadir='${datarootdir}'
datarootdir='${prefix}/share'
docdir='${datarootdir}/doc'
dvidir='${docdir}'
exec_prefix='NONE'
host='x86_64-unknown-linux-gnu'
host_alias=''
host_cpu='x86_64'
host_os='linux-gnu'
host_vendor='unknown'
htmldir='${docdir}'
includedir='${prefix}/include'
infodir='${datarootdir}/info'
install_sh='${SHELL} /home/paul/project/vcsdk/pkg/ortp/ortp-0.27.0/install-sh'
libdir='${exec_prefix}/lib'
libexecdir='${exec_prefix}/libexec'
localedir='${datarootdir}/locale'
localstatedir='${prefix}/var'
mandir='${datarootdir}/man'
mkdir_p='$(MKDIR_P)'
oldincludedir='/usr/include'
pdfdir='${docdir}'
prefix='NONE'
program_transform_name='s,x,x,'
psdir='${docdir}'
sbindir='${exec_prefix}/sbin'
sharedstatedir='${prefix}/com'
sysconfdir='${prefix}/etc'
target='x86_64-unknown-linux-gnu'
target_alias=''
target_cpu='x86_64'
target_os='linux-gnu'
target_vendor='unknown'

## ----------- ##
## confdefs.h. ##
## ----------- ##

/* confdefs.h */
#define PACKAGE_NAME "ortp"
#define PACKAGE_TARNAME "ortp"
#define PACKAGE_VERSION "0.27.0"
#define PACKAGE_STRING "ortp 0.27.0"
#define PACKAGE_BUGREPORT ""
#define PACKAGE_URL ""
#define PACKAGE "ortp"
#define VERSION "0.27.0"
#define ORTP_MAJOR_VERSION 0
#define ORTP_MINOR_VERSION 27
#define ORTP_MICRO_VERSION 0
#define ORTP_VERSION "0.27.0"
#define STDC_HEADERS 1
#define HAVE_SYS_TYPES_H 1
#define HAVE_SYS_STAT_H 1
#define HAVE_STDLIB_H 1
#define HAVE_STRING_H 1
#define HAVE_MEMORY_H 1
#define HAVE_STRINGS_H 1
#define HAVE_INTTYPES_H 1
#define HAVE_STDINT_H 1
#define HAVE_UNISTD_H 1
#define HAVE_DLFCN_H 1
#define LT_OBJDIR ".libs/"
#define __APPLE_USE_RFC_3542 1
#define HAVE_SETEUID 1
#define ORTP_DEFAULT_THREAD_STACK_SIZE 0
#define STDC_HEADERS 1
#define HAVE_POLL_H 1
#define HAVE_SYS_POLL_H 1
#define HAVE_SYS_UIO_H 1
#define HAVE_FCNTL_H 1
#define HAVE_SYS_TIME_H 1
#define HAVE_UNISTD_H 1
#define HAVE_LINUX_SOUNDCARD_H 1
#define HAVE_SYS_SHM_H 1
#define TIME_WITH_SYS_TIME 1
#define HAVE_SELECT 1
#define HAVE_SOCKET 1
#define HAVE_STRERROR 1
#define POSIXTIMER_INTERVAL 10000

configure: exit 1
